{"/root/dev/server/app.js":{"path":"/root/dev/server/app.js","s":{"1":1,"2":1,"3":0,"4":0,"5":1,"6":1,"7":1,"8":1,"9":1,"10":1,"11":1,"12":1,"13":1,"14":1,"15":1,"16":1,"17":1,"18":1,"19":1,"20":1,"21":35,"22":35,"23":1,"24":1,"25":1,"26":1,"27":1,"28":23,"29":23,"30":23,"31":16,"32":16,"33":7,"34":7,"35":0,"36":0,"37":1,"38":4,"39":4,"40":4,"41":3,"42":3,"43":3,"44":1,"45":1,"46":2,"47":2,"48":1,"49":1,"50":1,"51":3,"52":3,"53":1,"54":2,"55":1,"56":1,"57":1,"58":1,"59":1,"60":1,"61":1,"62":1,"63":1,"64":1,"65":1,"66":1,"67":1,"68":1,"69":5,"70":1,"71":1,"72":0,"73":0,"74":0,"75":1,"76":1,"77":1,"78":1,"79":1,"80":1,"81":1,"82":1,"83":1,"84":1,"85":5,"86":5,"87":1,"88":1,"89":0,"90":0,"91":1,"92":4,"93":4,"94":4,"95":1,"96":3,"97":1,"98":1,"99":1,"100":1,"101":1,"102":1,"103":1,"104":1,"105":1,"106":1,"107":1,"108":0,"109":0,"110":0,"111":0,"112":0,"113":0,"114":2,"115":1,"116":1,"117":1,"118":1,"119":1,"120":1,"121":1,"122":1,"123":1,"124":1,"125":0,"126":0,"127":0,"128":0,"129":0,"130":0,"131":1,"132":1,"133":1,"134":1,"135":1,"136":1,"137":3,"138":3,"139":3,"140":1,"141":1,"142":1,"143":1,"144":1,"145":1,"146":1,"147":1,"148":1,"149":1,"150":0,"151":0,"152":0,"153":2,"154":1,"155":1,"156":1,"157":1,"158":1,"159":1,"160":1,"161":1,"162":1,"163":1,"164":1,"165":0,"166":0,"167":0,"168":1,"169":1,"170":1,"171":2,"172":2,"173":2,"174":2,"175":1,"176":1,"177":1,"178":1,"179":1,"180":0,"181":0,"182":0,"183":1,"184":2,"185":2,"186":2,"187":2,"188":1,"189":1,"190":1,"191":1,"192":1,"193":0,"194":0,"195":0,"196":1,"197":2,"198":2,"199":2,"200":2,"201":1,"202":1,"203":1,"204":1,"205":1,"206":1,"207":0,"208":0,"209":0,"210":1,"211":1,"212":1,"213":1,"214":1,"215":1,"216":0,"217":0,"218":1,"219":1,"220":1,"221":1,"222":1,"223":1,"224":0,"225":0,"226":1,"227":1,"228":1,"229":1,"230":1,"231":0,"232":1,"233":1,"234":0,"235":0,"236":0},"b":{"1":[0,1],"2":[1,3],"3":[4,3],"4":[1,2],"5":[1,1],"6":[1,2],"7":[1,1],"8":[0,0]},"f":{"1":1,"2":23,"3":4,"4":1,"5":2,"6":3,"7":1,"8":2,"9":1,"10":1,"11":1,"12":0,"13":0},"fnMap":{"1":{"name":"(anonymous_1)","line":52,"loc":{"start":{"line":52,"column":13},"end":{"line":52,"column":33}}},"2":{"name":"authenticate","line":56,"loc":{"start":{"line":56,"column":0},"end":{"line":56,"column":38}}},"3":{"name":"(anonymous_3)","line":73,"loc":{"start":{"line":73,"column":44},"end":{"line":73,"column":62}}},"4":{"name":"(anonymous_4)","line":81,"loc":{"start":{"line":81,"column":31},"end":{"line":81,"column":45}}},"5":{"name":"(anonymous_5)","line":84,"loc":{"start":{"line":84,"column":5},"end":{"line":84,"column":19}}},"6":{"name":"(anonymous_6)","line":94,"loc":{"start":{"line":94,"column":34},"end":{"line":94,"column":52}}},"7":{"name":"(anonymous_7)","line":97,"loc":{"start":{"line":97,"column":82},"end":{"line":97,"column":98}}},"8":{"name":"(anonymous_8)","line":103,"loc":{"start":{"line":103,"column":4},"end":{"line":103,"column":18}}},"9":{"name":"(anonymous_9)","line":112,"loc":{"start":{"line":112,"column":56},"end":{"line":112,"column":74}}},"10":{"name":"(anonymous_10)","line":370,"loc":{"start":{"line":370,"column":18},"end":{"line":370,"column":32}}},"11":{"name":"(anonymous_11)","line":377,"loc":{"start":{"line":377,"column":17},"end":{"line":377,"column":29}}},"12":{"name":"(anonymous_12)","line":382,"loc":{"start":{"line":382,"column":4},"end":{"line":382,"column":18}}},"13":{"name":"(anonymous_13)","line":389,"loc":{"start":{"line":389,"column":8},"end":{"line":389,"column":39}}}},"statementMap":{"1":{"start":{"line":4,"column":0},"end":{"line":5,"column":57}},"2":{"start":{"line":8,"column":0},"end":{"line":13,"column":1}},"3":{"start":{"line":9,"column":4},"end":{"line":9,"column":77}},"4":{"start":{"line":10,"column":4},"end":{"line":10,"column":29}},"5":{"start":{"line":15,"column":0},"end":{"line":15,"column":33}},"6":{"start":{"line":16,"column":0},"end":{"line":16,"column":32}},"7":{"start":{"line":17,"column":0},"end":{"line":17,"column":30}},"8":{"start":{"line":18,"column":0},"end":{"line":18,"column":25}},"9":{"start":{"line":19,"column":0},"end":{"line":19,"column":40}},"10":{"start":{"line":20,"column":0},"end":{"line":20,"column":28}},"11":{"start":{"line":21,"column":0},"end":{"line":21,"column":35}},"12":{"start":{"line":23,"column":0},"end":{"line":23,"column":43}},"13":{"start":{"line":24,"column":0},"end":{"line":24,"column":35}},"14":{"start":{"line":26,"column":0},"end":{"line":26,"column":21}},"15":{"start":{"line":29,"column":0},"end":{"line":29,"column":16}},"16":{"start":{"line":30,"column":0},"end":{"line":30,"column":18}},"17":{"start":{"line":31,"column":0},"end":{"line":31,"column":18}},"18":{"start":{"line":33,"column":0},"end":{"line":36,"column":4}},"19":{"start":{"line":38,"column":0},"end":{"line":38,"column":43}},"20":{"start":{"line":44,"column":0},"end":{"line":47,"column":3}},"21":{"start":{"line":45,"column":1},"end":{"line":45,"column":42}},"22":{"start":{"line":46,"column":1},"end":{"line":46,"column":8}},"23":{"start":{"line":49,"column":0},"end":{"line":49,"column":27}},"24":{"start":{"line":50,"column":0},"end":{"line":50,"column":51}},"25":{"start":{"line":52,"column":0},"end":{"line":54,"column":2}},"26":{"start":{"line":53,"column":3},"end":{"line":53,"column":37}},"27":{"start":{"line":56,"column":0},"end":{"line":71,"column":1}},"28":{"start":{"line":57,"column":1},"end":{"line":70,"column":2}},"29":{"start":{"line":58,"column":2},"end":{"line":58,"column":35}},"30":{"start":{"line":60,"column":2},"end":{"line":66,"column":5}},"31":{"start":{"line":61,"column":3},"end":{"line":61,"column":19}},"32":{"start":{"line":62,"column":3},"end":{"line":62,"column":10}},"33":{"start":{"line":64,"column":3},"end":{"line":64,"column":72}},"34":{"start":{"line":65,"column":3},"end":{"line":65,"column":85}},"35":{"start":{"line":68,"column":2},"end":{"line":68,"column":50}},"36":{"start":{"line":69,"column":2},"end":{"line":69,"column":83}},"37":{"start":{"line":73,"column":0},"end":{"line":92,"column":3}},"38":{"start":{"line":74,"column":1},"end":{"line":91,"column":2}},"39":{"start":{"line":75,"column":2},"end":{"line":75,"column":33}},"40":{"start":{"line":76,"column":2},"end":{"line":76,"column":40}},"41":{"start":{"line":77,"column":2},"end":{"line":77,"column":57}},"42":{"start":{"line":79,"column":2},"end":{"line":79,"column":21}},"43":{"start":{"line":81,"column":2},"end":{"line":87,"column":5}},"44":{"start":{"line":82,"column":3},"end":{"line":82,"column":51}},"45":{"start":{"line":83,"column":3},"end":{"line":83,"column":72}},"46":{"start":{"line":85,"column":3},"end":{"line":85,"column":48}},"47":{"start":{"line":86,"column":3},"end":{"line":86,"column":69}},"48":{"start":{"line":89,"column":2},"end":{"line":89,"column":56}},"49":{"start":{"line":90,"column":2},"end":{"line":90,"column":71}},"50":{"start":{"line":94,"column":0},"end":{"line":110,"column":3}},"51":{"start":{"line":95,"column":1},"end":{"line":95,"column":50}},"52":{"start":{"line":97,"column":1},"end":{"line":109,"column":4}},"53":{"start":{"line":98,"column":2},"end":{"line":102,"column":6}},"54":{"start":{"line":104,"column":2},"end":{"line":108,"column":6}},"55":{"start":{"line":112,"column":0},"end":{"line":147,"column":3}},"56":{"start":{"line":113,"column":1},"end":{"line":113,"column":19}},"57":{"start":{"line":114,"column":1},"end":{"line":114,"column":22}},"58":{"start":{"line":116,"column":1},"end":{"line":116,"column":25}},"59":{"start":{"line":118,"column":1},"end":{"line":129,"column":3}},"60":{"start":{"line":131,"column":1},"end":{"line":131,"column":19}},"61":{"start":{"line":133,"column":1},"end":{"line":133,"column":149}},"62":{"start":{"line":133,"column":72},"end":{"line":133,"column":146}},"63":{"start":{"line":134,"column":1},"end":{"line":134,"column":145}},"64":{"start":{"line":134,"column":72},"end":{"line":134,"column":142}},"65":{"start":{"line":135,"column":1},"end":{"line":135,"column":114}},"66":{"start":{"line":135,"column":72},"end":{"line":135,"column":111}},"67":{"start":{"line":136,"column":1},"end":{"line":139,"column":5}},"68":{"start":{"line":137,"column":2},"end":{"line":138,"column":61}},"69":{"start":{"line":138,"column":3},"end":{"line":138,"column":61}},"70":{"start":{"line":141,"column":1},"end":{"line":146,"column":4}},"71":{"start":{"line":141,"column":34},"end":{"line":141,"column":68}},"72":{"start":{"line":142,"column":2},"end":{"line":142,"column":45}},"73":{"start":{"line":143,"column":2},"end":{"line":143,"column":26}},"74":{"start":{"line":144,"column":2},"end":{"line":145,"column":37}},"75":{"start":{"line":149,"column":0},"end":{"line":164,"column":3}},"76":{"start":{"line":150,"column":1},"end":{"line":150,"column":19}},"77":{"start":{"line":151,"column":1},"end":{"line":151,"column":19}},"78":{"start":{"line":153,"column":1},"end":{"line":153,"column":75}},"79":{"start":{"line":153,"column":52},"end":{"line":153,"column":72}},"80":{"start":{"line":154,"column":1},"end":{"line":154,"column":67}},"81":{"start":{"line":154,"column":44},"end":{"line":154,"column":64}},"82":{"start":{"line":155,"column":1},"end":{"line":155,"column":70}},"83":{"start":{"line":155,"column":47},"end":{"line":155,"column":67}},"84":{"start":{"line":157,"column":1},"end":{"line":158,"column":96}},"85":{"start":{"line":158,"column":2},"end":{"line":158,"column":94}},"86":{"start":{"line":158,"column":61},"end":{"line":158,"column":92}},"87":{"start":{"line":160,"column":1},"end":{"line":163,"column":4}},"88":{"start":{"line":160,"column":34},"end":{"line":160,"column":68}},"89":{"start":{"line":161,"column":2},"end":{"line":161,"column":42}},"90":{"start":{"line":162,"column":2},"end":{"line":162,"column":27}},"91":{"start":{"line":166,"column":0},"end":{"line":231,"column":3}},"92":{"start":{"line":167,"column":1},"end":{"line":230,"column":2}},"93":{"start":{"line":168,"column":2},"end":{"line":168,"column":61}},"94":{"start":{"line":169,"column":2},"end":{"line":170,"column":37}},"95":{"start":{"line":170,"column":3},"end":{"line":170,"column":37}},"96":{"start":{"line":172,"column":2},"end":{"line":225,"column":3}},"97":{"start":{"line":173,"column":3},"end":{"line":195,"column":6}},"98":{"start":{"line":174,"column":4},"end":{"line":174,"column":30}},"99":{"start":{"line":175,"column":4},"end":{"line":175,"column":79}},"100":{"start":{"line":176,"column":4},"end":{"line":176,"column":131}},"101":{"start":{"line":177,"column":4},"end":{"line":177,"column":36}},"102":{"start":{"line":178,"column":4},"end":{"line":194,"column":6}},"103":{"start":{"line":179,"column":5},"end":{"line":189,"column":8}},"104":{"start":{"line":180,"column":6},"end":{"line":180,"column":33}},"105":{"start":{"line":181,"column":6},"end":{"line":181,"column":30}},"106":{"start":{"line":182,"column":6},"end":{"line":182,"column":30}},"107":{"start":{"line":183,"column":6},"end":{"line":183,"column":41}},"108":{"start":{"line":186,"column":6},"end":{"line":186,"column":43}},"109":{"start":{"line":187,"column":6},"end":{"line":187,"column":75}},"110":{"start":{"line":188,"column":6},"end":{"line":188,"column":41}},"111":{"start":{"line":191,"column":5},"end":{"line":191,"column":28}},"112":{"start":{"line":192,"column":5},"end":{"line":192,"column":44}},"113":{"start":{"line":193,"column":5},"end":{"line":193,"column":40}},"114":{"start":{"line":197,"column":7},"end":{"line":225,"column":3}},"115":{"start":{"line":198,"column":3},"end":{"line":220,"column":6}},"116":{"start":{"line":199,"column":4},"end":{"line":199,"column":30}},"117":{"start":{"line":200,"column":4},"end":{"line":200,"column":87}},"118":{"start":{"line":202,"column":4},"end":{"line":202,"column":95}},"119":{"start":{"line":204,"column":4},"end":{"line":219,"column":7}},"120":{"start":{"line":205,"column":5},"end":{"line":214,"column":8}},"121":{"start":{"line":206,"column":6},"end":{"line":206,"column":33}},"122":{"start":{"line":207,"column":6},"end":{"line":207,"column":30}},"123":{"start":{"line":208,"column":6},"end":{"line":208,"column":30}},"124":{"start":{"line":209,"column":6},"end":{"line":209,"column":41}},"125":{"start":{"line":211,"column":6},"end":{"line":211,"column":43}},"126":{"start":{"line":212,"column":6},"end":{"line":212,"column":75}},"127":{"start":{"line":213,"column":6},"end":{"line":213,"column":41}},"128":{"start":{"line":216,"column":5},"end":{"line":216,"column":28}},"129":{"start":{"line":217,"column":5},"end":{"line":217,"column":44}},"130":{"start":{"line":218,"column":5},"end":{"line":218,"column":40}},"131":{"start":{"line":223,"column":3},"end":{"line":223,"column":40}},"132":{"start":{"line":224,"column":3},"end":{"line":224,"column":38}},"133":{"start":{"line":227,"column":2},"end":{"line":227,"column":51}},"134":{"start":{"line":228,"column":2},"end":{"line":228,"column":85}},"135":{"start":{"line":229,"column":2},"end":{"line":229,"column":82}},"136":{"start":{"line":233,"column":0},"end":{"line":286,"column":3}},"137":{"start":{"line":234,"column":1},"end":{"line":234,"column":60}},"138":{"start":{"line":235,"column":1},"end":{"line":235,"column":27}},"139":{"start":{"line":236,"column":1},"end":{"line":285,"column":2}},"140":{"start":{"line":237,"column":2},"end":{"line":257,"column":6}},"141":{"start":{"line":239,"column":4},"end":{"line":239,"column":79}},"142":{"start":{"line":240,"column":4},"end":{"line":240,"column":15}},"143":{"start":{"line":243,"column":4},"end":{"line":243,"column":93}},"144":{"start":{"line":243,"column":67},"end":{"line":243,"column":90}},"145":{"start":{"line":246,"column":4},"end":{"line":246,"column":80}},"146":{"start":{"line":246,"column":60},"end":{"line":246,"column":77}},"147":{"start":{"line":249,"column":4},"end":{"line":249,"column":28}},"148":{"start":{"line":250,"column":4},"end":{"line":250,"column":30}},"149":{"start":{"line":251,"column":4},"end":{"line":251,"column":39}},"150":{"start":{"line":254,"column":4},"end":{"line":254,"column":51}},"151":{"start":{"line":255,"column":4},"end":{"line":255,"column":27}},"152":{"start":{"line":256,"column":4},"end":{"line":256,"column":39}},"153":{"start":{"line":258,"column":8},"end":{"line":285,"column":2}},"154":{"start":{"line":259,"column":2},"end":{"line":281,"column":6}},"155":{"start":{"line":261,"column":4},"end":{"line":261,"column":87}},"156":{"start":{"line":262,"column":4},"end":{"line":262,"column":19}},"157":{"start":{"line":265,"column":4},"end":{"line":265,"column":97}},"158":{"start":{"line":265,"column":67},"end":{"line":265,"column":94}},"159":{"start":{"line":268,"column":4},"end":{"line":268,"column":94}},"160":{"start":{"line":268,"column":75},"end":{"line":268,"column":91}},"161":{"start":{"line":271,"column":4},"end":{"line":271,"column":29}},"162":{"start":{"line":273,"column":4},"end":{"line":273,"column":28}},"163":{"start":{"line":274,"column":4},"end":{"line":274,"column":30}},"164":{"start":{"line":275,"column":4},"end":{"line":275,"column":39}},"165":{"start":{"line":278,"column":4},"end":{"line":278,"column":51}},"166":{"start":{"line":279,"column":4},"end":{"line":279,"column":27}},"167":{"start":{"line":280,"column":4},"end":{"line":280,"column":39}},"168":{"start":{"line":283,"column":2},"end":{"line":283,"column":39}},"169":{"start":{"line":284,"column":2},"end":{"line":284,"column":36}},"170":{"start":{"line":288,"column":0},"end":{"line":305,"column":3}},"171":{"start":{"line":289,"column":1},"end":{"line":289,"column":60}},"172":{"start":{"line":290,"column":1},"end":{"line":304,"column":2}},"173":{"start":{"line":291,"column":2},"end":{"line":291,"column":22}},"174":{"start":{"line":292,"column":2},"end":{"line":299,"column":5}},"175":{"start":{"line":293,"column":3},"end":{"line":293,"column":29}},"176":{"start":{"line":294,"column":3},"end":{"line":294,"column":27}},"177":{"start":{"line":295,"column":3},"end":{"line":295,"column":38}},"178":{"start":{"line":297,"column":3},"end":{"line":297,"column":26}},"179":{"start":{"line":298,"column":3},"end":{"line":298,"column":38}},"180":{"start":{"line":301,"column":2},"end":{"line":301,"column":62}},"181":{"start":{"line":302,"column":2},"end":{"line":302,"column":38}},"182":{"start":{"line":303,"column":2},"end":{"line":303,"column":37}},"183":{"start":{"line":307,"column":0},"end":{"line":324,"column":3}},"184":{"start":{"line":308,"column":1},"end":{"line":308,"column":60}},"185":{"start":{"line":309,"column":1},"end":{"line":323,"column":2}},"186":{"start":{"line":310,"column":2},"end":{"line":310,"column":22}},"187":{"start":{"line":311,"column":2},"end":{"line":318,"column":5}},"188":{"start":{"line":312,"column":3},"end":{"line":312,"column":27}},"189":{"start":{"line":313,"column":3},"end":{"line":313,"column":29}},"190":{"start":{"line":314,"column":3},"end":{"line":314,"column":38}},"191":{"start":{"line":316,"column":3},"end":{"line":316,"column":26}},"192":{"start":{"line":317,"column":3},"end":{"line":317,"column":38}},"193":{"start":{"line":320,"column":2},"end":{"line":320,"column":62}},"194":{"start":{"line":321,"column":2},"end":{"line":321,"column":38}},"195":{"start":{"line":322,"column":2},"end":{"line":322,"column":37}},"196":{"start":{"line":326,"column":0},"end":{"line":344,"column":3}},"197":{"start":{"line":327,"column":1},"end":{"line":327,"column":60}},"198":{"start":{"line":328,"column":1},"end":{"line":343,"column":2}},"199":{"start":{"line":329,"column":2},"end":{"line":329,"column":22}},"200":{"start":{"line":330,"column":2},"end":{"line":338,"column":5}},"201":{"start":{"line":331,"column":3},"end":{"line":331,"column":27}},"202":{"start":{"line":332,"column":3},"end":{"line":332,"column":29}},"203":{"start":{"line":333,"column":3},"end":{"line":333,"column":38}},"204":{"start":{"line":335,"column":3},"end":{"line":335,"column":51}},"205":{"start":{"line":336,"column":3},"end":{"line":336,"column":26}},"206":{"start":{"line":337,"column":3},"end":{"line":337,"column":38}},"207":{"start":{"line":340,"column":2},"end":{"line":340,"column":62}},"208":{"start":{"line":341,"column":2},"end":{"line":341,"column":38}},"209":{"start":{"line":342,"column":2},"end":{"line":342,"column":37}},"210":{"start":{"line":346,"column":0},"end":{"line":356,"column":3}},"211":{"start":{"line":347,"column":1},"end":{"line":347,"column":53}},"212":{"start":{"line":348,"column":1},"end":{"line":355,"column":3}},"213":{"start":{"line":349,"column":2},"end":{"line":349,"column":28}},"214":{"start":{"line":350,"column":2},"end":{"line":350,"column":32}},"215":{"start":{"line":351,"column":2},"end":{"line":351,"column":37}},"216":{"start":{"line":353,"column":2},"end":{"line":353,"column":57}},"217":{"start":{"line":354,"column":2},"end":{"line":354,"column":37}},"218":{"start":{"line":358,"column":0},"end":{"line":368,"column":3}},"219":{"start":{"line":359,"column":1},"end":{"line":359,"column":53}},"220":{"start":{"line":360,"column":1},"end":{"line":367,"column":3}},"221":{"start":{"line":361,"column":2},"end":{"line":361,"column":28}},"222":{"start":{"line":362,"column":2},"end":{"line":362,"column":32}},"223":{"start":{"line":363,"column":2},"end":{"line":363,"column":37}},"224":{"start":{"line":365,"column":2},"end":{"line":365,"column":58}},"225":{"start":{"line":366,"column":2},"end":{"line":366,"column":37}},"226":{"start":{"line":370,"column":0},"end":{"line":384,"column":3}},"227":{"start":{"line":371,"column":2},"end":{"line":375,"column":42}},"228":{"start":{"line":377,"column":2},"end":{"line":379,"column":4}},"229":{"start":{"line":378,"column":4},"end":{"line":378,"column":45}},"230":{"start":{"line":381,"column":2},"end":{"line":381,"column":61}},"231":{"start":{"line":383,"column":1},"end":{"line":383,"column":68}},"232":{"start":{"line":386,"column":0},"end":{"line":386,"column":23}},"233":{"start":{"line":389,"column":0},"end":{"line":393,"column":3}},"234":{"start":{"line":390,"column":2},"end":{"line":390,"column":49}},"235":{"start":{"line":391,"column":2},"end":{"line":392,"column":53}},"236":{"start":{"line":392,"column":3},"end":{"line":392,"column":53}}},"branchMap":{"1":{"line":8,"type":"if","locations":[{"start":{"line":8,"column":0},"end":{"line":8,"column":0}},{"start":{"line":8,"column":0},"end":{"line":8,"column":0}}]},"2":{"line":169,"type":"if","locations":[{"start":{"line":169,"column":2},"end":{"line":169,"column":2}},{"start":{"line":169,"column":2},"end":{"line":169,"column":2}}]},"3":{"line":169,"type":"binary-expr","locations":[{"start":{"line":169,"column":5},"end":{"line":169,"column":39}},{"start":{"line":169,"column":43},"end":{"line":169,"column":62}}]},"4":{"line":172,"type":"if","locations":[{"start":{"line":172,"column":2},"end":{"line":172,"column":2}},{"start":{"line":172,"column":2},"end":{"line":172,"column":2}}]},"5":{"line":197,"type":"if","locations":[{"start":{"line":197,"column":7},"end":{"line":197,"column":7}},{"start":{"line":197,"column":7},"end":{"line":197,"column":7}}]},"6":{"line":236,"type":"if","locations":[{"start":{"line":236,"column":1},"end":{"line":236,"column":1}},{"start":{"line":236,"column":1},"end":{"line":236,"column":1}}]},"7":{"line":258,"type":"if","locations":[{"start":{"line":258,"column":8},"end":{"line":258,"column":8}},{"start":{"line":258,"column":8},"end":{"line":258,"column":8}}]},"8":{"line":391,"type":"if","locations":[{"start":{"line":391,"column":2},"end":{"line":391,"column":2}},{"start":{"line":391,"column":2},"end":{"line":391,"column":2}}]}}},"/root/dev/server/db/core.js":{"path":"/root/dev/server/db/core.js","s":{"1":1,"2":1,"3":1,"4":1,"5":1,"6":1,"7":1,"8":1,"9":1,"10":1,"11":5,"12":1,"13":1,"14":1,"15":1,"16":1,"17":1,"18":1,"19":0,"20":0,"21":0,"22":0,"23":1,"24":1,"25":1,"26":13,"27":10,"28":13,"29":13,"30":13,"31":0,"32":1,"33":1,"34":1,"35":34,"36":34,"37":34,"38":3,"39":3,"40":0,"41":31,"42":0,"43":0,"44":1,"45":28,"46":28,"47":28,"48":6,"49":28,"50":28,"51":28,"52":25,"53":28,"54":28,"55":28,"56":28,"57":28,"58":28,"59":34,"60":34,"61":34,"62":34,"63":34,"64":2,"65":2,"66":2,"67":0,"68":32,"69":13,"70":19,"71":19,"72":19,"73":34,"74":0,"75":0,"76":28,"77":28,"78":15,"79":28,"80":0,"81":0,"82":1,"83":1,"84":1,"85":1,"86":1,"87":1,"88":5,"89":1,"90":1,"91":5,"92":1,"93":1,"94":1,"95":0,"96":0,"97":1,"98":0,"99":0,"100":0,"101":1,"102":5,"103":5,"104":5,"105":5,"106":2,"107":5,"108":0,"109":0,"110":1,"111":1,"112":1,"113":1,"114":1,"115":0,"116":1,"117":0,"118":0,"119":1,"120":1,"121":1,"122":1,"123":1,"124":0,"125":1,"126":2,"127":2,"128":2,"129":1,"130":1,"131":0,"132":1,"133":1,"134":1,"135":1,"136":1,"137":0,"138":0,"139":0,"140":1,"141":1,"142":1,"143":1,"144":0,"145":1,"146":0,"147":1,"148":1,"149":1,"150":1,"151":1,"152":0,"153":0,"154":1,"155":1,"156":1,"157":1,"158":1,"159":4,"160":2,"161":4,"162":4,"163":1,"164":3,"165":3,"166":3,"167":1,"168":3,"169":2,"170":3,"171":3,"172":3,"173":3,"174":1,"175":0,"176":0,"177":0,"178":0,"179":1,"180":5,"181":5,"182":5,"183":5,"184":2,"185":5,"186":0,"187":0,"188":1,"189":2,"190":1,"191":2,"192":2,"193":2,"194":0,"195":2,"196":2,"197":0,"198":0,"199":1,"200":2,"201":2,"202":2,"203":1,"204":1,"205":1,"206":0,"207":0,"208":1,"209":5,"210":5,"211":5,"212":5,"213":5,"214":5,"215":7,"216":7,"217":5,"218":0,"219":0,"220":0,"221":0,"222":1,"223":3,"224":3,"225":3,"226":3,"227":1,"228":1,"229":2,"230":1,"231":1,"232":1,"233":1,"234":0,"235":1,"236":23,"237":23,"238":23,"239":16,"240":0,"241":0,"242":16,"243":16,"244":0,"245":16,"246":0,"247":7,"248":1,"249":1,"250":1,"251":1,"252":1,"253":1,"254":0,"255":0,"256":1,"257":3,"258":3,"259":0,"260":3,"261":3,"262":3,"263":1,"264":1,"265":1,"266":0,"267":2},"b":{"1":[10,3],"2":[3,31],"3":[6,22],"4":[28,0],"5":[25,3],"6":[2,32],"7":[13,19],"8":[19,0],"9":[15,13],"10":[0,1],"11":[0,1],"12":[1,0],"13":[1,1],"14":[0,1],"15":[1,0],"16":[0,1],"17":[0,1],"18":[1,0],"19":[2,2],"20":[1,3],"21":[2,1],"22":[0,0],"23":[0,2],"24":[1,1],"25":[1,2],"26":[1,1],"27":[0,16],"28":[0,16]},"f":{"1":5,"2":1,"3":1,"4":1,"5":0,"6":13,"7":34,"8":28,"9":28,"10":1,"11":5,"12":1,"13":2,"14":1,"15":1,"16":1,"17":4,"18":0,"19":5,"20":2,"21":2,"22":2,"23":5,"24":3,"25":3,"26":3,"27":0,"28":23,"29":23,"30":16,"31":0,"32":1,"33":1,"34":3,"35":3,"36":1},"fnMap":{"1":{"name":"(anonymous_1)","line":28,"loc":{"start":{"line":28,"column":17},"end":{"line":28,"column":28}}},"2":{"name":"(anonymous_2)","line":30,"loc":{"start":{"line":30,"column":18},"end":{"line":30,"column":29}}},"3":{"name":"(anonymous_3)","line":31,"loc":{"start":{"line":31,"column":20},"end":{"line":31,"column":46}}},"4":{"name":"(anonymous_4)","line":35,"loc":{"start":{"line":35,"column":9},"end":{"line":35,"column":23}}},"5":{"name":"(anonymous_5)","line":39,"loc":{"start":{"line":39,"column":6},"end":{"line":39,"column":20}}},"6":{"name":"(anonymous_6)","line":52,"loc":{"start":{"line":52,"column":25},"end":{"line":52,"column":93}}},"7":{"name":"(anonymous_7)","line":65,"loc":{"start":{"line":65,"column":16},"end":{"line":65,"column":42}}},"8":{"name":"(anonymous_8)","line":79,"loc":{"start":{"line":79,"column":26},"end":{"line":79,"column":78}}},"9":{"name":"(anonymous_9)","line":80,"loc":{"start":{"line":80,"column":20},"end":{"line":80,"column":46}}},"10":{"name":"(anonymous_10)","line":130,"loc":{"start":{"line":130,"column":24},"end":{"line":130,"column":42}}},"11":{"name":"(anonymous_11)","line":155,"loc":{"start":{"line":155,"column":24},"end":{"line":155,"column":42}}},"12":{"name":"(anonymous_12)","line":167,"loc":{"start":{"line":167,"column":21},"end":{"line":167,"column":44}}},"13":{"name":"(anonymous_13)","line":194,"loc":{"start":{"line":194,"column":22},"end":{"line":194,"column":60}}},"14":{"name":"(anonymous_14)","line":221,"loc":{"start":{"line":221,"column":22},"end":{"line":221,"column":45}}},"15":{"name":"(anonymous_15)","line":246,"loc":{"start":{"line":246,"column":22},"end":{"line":246,"column":47}}},"16":{"name":"(anonymous_16)","line":250,"loc":{"start":{"line":250,"column":21},"end":{"line":250,"column":49}}},"17":{"name":"(anonymous_17)","line":257,"loc":{"start":{"line":257,"column":22},"end":{"line":257,"column":64}}},"18":{"name":"(anonymous_18)","line":281,"loc":{"start":{"line":281,"column":23},"end":{"line":281,"column":41}}},"19":{"name":"(anonymous_19)","line":290,"loc":{"start":{"line":290,"column":24},"end":{"line":290,"column":42}}},"20":{"name":"(anonymous_20)","line":302,"loc":{"start":{"line":302,"column":21},"end":{"line":302,"column":49}}},"21":{"name":"(anonymous_21)","line":306,"loc":{"start":{"line":306,"column":18},"end":{"line":306,"column":46}}},"22":{"name":"(anonymous_22)","line":317,"loc":{"start":{"line":317,"column":22},"end":{"line":317,"column":65}}},"23":{"name":"(anonymous_23)","line":329,"loc":{"start":{"line":329,"column":24},"end":{"line":329,"column":42}}},"24":{"name":"(anonymous_24)","line":353,"loc":{"start":{"line":353,"column":21},"end":{"line":353,"column":54}}},"25":{"name":"(anonymous_25)","line":355,"loc":{"start":{"line":355,"column":20},"end":{"line":355,"column":46}}},"26":{"name":"(anonymous_26)","line":358,"loc":{"start":{"line":358,"column":10},"end":{"line":358,"column":26}}},"27":{"name":"(anonymous_27)","line":376,"loc":{"start":{"line":376,"column":5},"end":{"line":376,"column":19}}},"28":{"name":"(anonymous_28)","line":382,"loc":{"start":{"line":382,"column":19},"end":{"line":382,"column":46}}},"29":{"name":"(anonymous_29)","line":383,"loc":{"start":{"line":383,"column":20},"end":{"line":383,"column":46}}},"30":{"name":"(anonymous_30)","line":392,"loc":{"start":{"line":392,"column":11},"end":{"line":392,"column":27}}},"31":{"name":"(anonymous_31)","line":397,"loc":{"start":{"line":397,"column":6},"end":{"line":397,"column":20}}},"32":{"name":"(anonymous_32)","line":406,"loc":{"start":{"line":406,"column":27},"end":{"line":406,"column":42}}},"33":{"name":"(anonymous_33)","line":407,"loc":{"start":{"line":407,"column":20},"end":{"line":407,"column":47}}},"34":{"name":"(anonymous_34)","line":422,"loc":{"start":{"line":422,"column":21},"end":{"line":422,"column":40}}},"35":{"name":"(anonymous_35)","line":429,"loc":{"start":{"line":429,"column":20},"end":{"line":429,"column":46}}},"36":{"name":"(anonymous_36)","line":440,"loc":{"start":{"line":440,"column":10},"end":{"line":440,"column":25}}}},"statementMap":{"1":{"start":{"line":1,"column":0},"end":{"line":1,"column":31}},"2":{"start":{"line":2,"column":0},"end":{"line":2,"column":37}},"3":{"start":{"line":4,"column":0},"end":{"line":4,"column":36}},"4":{"start":{"line":5,"column":0},"end":{"line":5,"column":37}},"5":{"start":{"line":6,"column":0},"end":{"line":6,"column":42}},"6":{"start":{"line":9,"column":0},"end":{"line":9,"column":43}},"7":{"start":{"line":10,"column":0},"end":{"line":10,"column":33}},"8":{"start":{"line":12,"column":0},"end":{"line":23,"column":2}},"9":{"start":{"line":25,"column":0},"end":{"line":25,"column":26}},"10":{"start":{"line":28,"column":0},"end":{"line":28,"column":43}},"11":{"start":{"line":28,"column":30},"end":{"line":28,"column":41}},"12":{"start":{"line":30,"column":0},"end":{"line":46,"column":1}},"13":{"start":{"line":31,"column":1},"end":{"line":45,"column":4}},"14":{"start":{"line":32,"column":2},"end":{"line":32,"column":43}},"15":{"start":{"line":33,"column":2},"end":{"line":44,"column":6}},"16":{"start":{"line":36,"column":4},"end":{"line":36,"column":42}},"17":{"start":{"line":37,"column":4},"end":{"line":37,"column":29}},"18":{"start":{"line":38,"column":4},"end":{"line":38,"column":17}},"19":{"start":{"line":40,"column":4},"end":{"line":40,"column":54}},"20":{"start":{"line":41,"column":4},"end":{"line":41,"column":30}},"21":{"start":{"line":42,"column":4},"end":{"line":42,"column":16}},"22":{"start":{"line":43,"column":4},"end":{"line":43,"column":20}},"23":{"start":{"line":48,"column":0},"end":{"line":48,"column":31}},"24":{"start":{"line":50,"column":0},"end":{"line":50,"column":24}},"25":{"start":{"line":52,"column":0},"end":{"line":60,"column":1}},"26":{"start":{"line":53,"column":1},"end":{"line":54,"column":34}},"27":{"start":{"line":54,"column":2},"end":{"line":54,"column":34}},"28":{"start":{"line":55,"column":1},"end":{"line":59,"column":4}},"29":{"start":{"line":57,"column":19},"end":{"line":57,"column":79}},"30":{"start":{"line":57,"column":80},"end":{"line":57,"column":91}},"31":{"start":{"line":58,"column":2},"end":{"line":58,"column":70}},"32":{"start":{"line":62,"column":0},"end":{"line":62,"column":40}},"33":{"start":{"line":63,"column":0},"end":{"line":63,"column":40}},"34":{"start":{"line":65,"column":0},"end":{"line":77,"column":1}},"35":{"start":{"line":66,"column":1},"end":{"line":76,"column":4}},"36":{"start":{"line":67,"column":2},"end":{"line":75,"column":3}},"37":{"start":{"line":68,"column":3},"end":{"line":71,"column":36}},"38":{"start":{"line":69,"column":4},"end":{"line":69,"column":72}},"39":{"start":{"line":69,"column":39},"end":{"line":69,"column":53}},"40":{"start":{"line":69,"column":59},"end":{"line":69,"column":70}},"41":{"start":{"line":71,"column":4},"end":{"line":71,"column":36}},"42":{"start":{"line":73,"column":3},"end":{"line":73,"column":53}},"43":{"start":{"line":74,"column":3},"end":{"line":74,"column":12}},"44":{"start":{"line":79,"column":0},"end":{"line":128,"column":1}},"45":{"start":{"line":80,"column":1},"end":{"line":127,"column":4}},"46":{"start":{"line":81,"column":2},"end":{"line":81,"column":19}},"47":{"start":{"line":82,"column":2},"end":{"line":83,"column":50}},"48":{"start":{"line":83,"column":3},"end":{"line":83,"column":50}},"49":{"start":{"line":84,"column":2},"end":{"line":85,"column":37}},"50":{"start":{"line":85,"column":3},"end":{"line":85,"column":37}},"51":{"start":{"line":86,"column":2},"end":{"line":87,"column":46}},"52":{"start":{"line":87,"column":3},"end":{"line":87,"column":46}},"53":{"start":{"line":89,"column":2},"end":{"line":89,"column":70}},"54":{"start":{"line":91,"column":2},"end":{"line":126,"column":5}},"55":{"start":{"line":94,"column":3},"end":{"line":94,"column":71}},"56":{"start":{"line":96,"column":3},"end":{"line":96,"column":15}},"57":{"start":{"line":97,"column":3},"end":{"line":97,"column":17}},"58":{"start":{"line":99,"column":3},"end":{"line":119,"column":9}},"59":{"start":{"line":99,"column":23},"end":{"line":119,"column":7}},"60":{"start":{"line":101,"column":5},"end":{"line":101,"column":43}},"61":{"start":{"line":102,"column":5},"end":{"line":118,"column":8}},"62":{"start":{"line":103,"column":6},"end":{"line":103,"column":62}},"63":{"start":{"line":104,"column":6},"end":{"line":113,"column":7}},"64":{"start":{"line":105,"column":7},"end":{"line":105,"column":80}},"65":{"start":{"line":106,"column":7},"end":{"line":106,"column":59}},"66":{"start":{"line":106,"column":29},"end":{"line":106,"column":40}},"67":{"start":{"line":106,"column":46},"end":{"line":106,"column":57}},"68":{"start":{"line":108,"column":11},"end":{"line":113,"column":7}},"69":{"start":{"line":109,"column":7},"end":{"line":109,"column":84}},"70":{"start":{"line":110,"column":11},"end":{"line":113,"column":7}},"71":{"start":{"line":111,"column":7},"end":{"line":111,"column":72}},"72":{"start":{"line":112,"column":7},"end":{"line":112,"column":23}},"73":{"start":{"line":114,"column":6},"end":{"line":114,"column":16}},"74":{"start":{"line":116,"column":6},"end":{"line":116,"column":87}},"75":{"start":{"line":117,"column":6},"end":{"line":117,"column":18}},"76":{"start":{"line":121,"column":3},"end":{"line":125,"column":96}},"77":{"start":{"line":122,"column":4},"end":{"line":123,"column":61}},"78":{"start":{"line":123,"column":5},"end":{"line":123,"column":61}},"79":{"start":{"line":124,"column":4},"end":{"line":124,"column":20}},"80":{"start":{"line":125,"column":14},"end":{"line":125,"column":81}},"81":{"start":{"line":125,"column":82},"end":{"line":125,"column":93}},"82":{"start":{"line":130,"column":0},"end":{"line":153,"column":1}},"83":{"start":{"line":131,"column":1},"end":{"line":152,"column":24}},"84":{"start":{"line":132,"column":2},"end":{"line":132,"column":45}},"85":{"start":{"line":134,"column":2},"end":{"line":134,"column":15}},"86":{"start":{"line":135,"column":2},"end":{"line":135,"column":22}},"87":{"start":{"line":136,"column":2},"end":{"line":136,"column":111}},"88":{"start":{"line":136,"column":36},"end":{"line":136,"column":109}},"89":{"start":{"line":138,"column":2},"end":{"line":149,"column":25}},"90":{"start":{"line":139,"column":3},"end":{"line":140,"column":48}},"91":{"start":{"line":140,"column":4},"end":{"line":140,"column":48}},"92":{"start":{"line":141,"column":3},"end":{"line":141,"column":50}},"93":{"start":{"line":142,"column":3},"end":{"line":148,"column":26}},"94":{"start":{"line":143,"column":4},"end":{"line":146,"column":5}},"95":{"start":{"line":144,"column":5},"end":{"line":144,"column":43}},"96":{"start":{"line":145,"column":5},"end":{"line":145,"column":52}},"97":{"start":{"line":147,"column":4},"end":{"line":147,"column":22}},"98":{"start":{"line":148,"column":13},"end":{"line":148,"column":24}},"99":{"start":{"line":149,"column":12},"end":{"line":149,"column":23}},"100":{"start":{"line":152,"column":11},"end":{"line":152,"column":22}},"101":{"start":{"line":155,"column":0},"end":{"line":165,"column":1}},"102":{"start":{"line":156,"column":1},"end":{"line":164,"column":4}},"103":{"start":{"line":157,"column":2},"end":{"line":163,"column":25}},"104":{"start":{"line":158,"column":3},"end":{"line":162,"column":26}},"105":{"start":{"line":159,"column":4},"end":{"line":160,"column":54}},"106":{"start":{"line":160,"column":5},"end":{"line":160,"column":54}},"107":{"start":{"line":161,"column":4},"end":{"line":161,"column":21}},"108":{"start":{"line":162,"column":13},"end":{"line":162,"column":24}},"109":{"start":{"line":163,"column":12},"end":{"line":163,"column":23}},"110":{"start":{"line":167,"column":0},"end":{"line":192,"column":1}},"111":{"start":{"line":168,"column":1},"end":{"line":191,"column":4}},"112":{"start":{"line":169,"column":2},"end":{"line":169,"column":61}},"113":{"start":{"line":170,"column":2},"end":{"line":190,"column":35}},"114":{"start":{"line":171,"column":3},"end":{"line":189,"column":4}},"115":{"start":{"line":171,"column":24},"end":{"line":171,"column":46}},"116":{"start":{"line":172,"column":8},"end":{"line":189,"column":4}},"117":{"start":{"line":173,"column":4},"end":{"line":173,"column":47}},"118":{"start":{"line":174,"column":4},"end":{"line":174,"column":26}},"119":{"start":{"line":177,"column":4},"end":{"line":188,"column":7}},"120":{"start":{"line":182,"column":5},"end":{"line":187,"column":6}},"121":{"start":{"line":183,"column":6},"end":{"line":184,"column":66}},"122":{"start":{"line":185,"column":6},"end":{"line":185,"column":87}},"123":{"start":{"line":186,"column":6},"end":{"line":186,"column":25}},"124":{"start":{"line":190,"column":12},"end":{"line":190,"column":33}},"125":{"start":{"line":194,"column":0},"end":{"line":219,"column":1}},"126":{"start":{"line":195,"column":1},"end":{"line":218,"column":4}},"127":{"start":{"line":196,"column":2},"end":{"line":217,"column":41}},"128":{"start":{"line":197,"column":3},"end":{"line":216,"column":4}},"129":{"start":{"line":197,"column":24},"end":{"line":197,"column":52}},"130":{"start":{"line":198,"column":8},"end":{"line":216,"column":4}},"131":{"start":{"line":199,"column":4},"end":{"line":199,"column":25}},"132":{"start":{"line":201,"column":4},"end":{"line":215,"column":7}},"133":{"start":{"line":206,"column":5},"end":{"line":214,"column":6}},"134":{"start":{"line":207,"column":6},"end":{"line":208,"column":67}},"135":{"start":{"line":209,"column":6},"end":{"line":209,"column":106}},"136":{"start":{"line":210,"column":6},"end":{"line":210,"column":25}},"137":{"start":{"line":212,"column":6},"end":{"line":212,"column":52}},"138":{"start":{"line":213,"column":6},"end":{"line":213,"column":18}},"139":{"start":{"line":217,"column":12},"end":{"line":217,"column":39}},"140":{"start":{"line":221,"column":0},"end":{"line":244,"column":1}},"141":{"start":{"line":222,"column":1},"end":{"line":243,"column":4}},"142":{"start":{"line":223,"column":2},"end":{"line":242,"column":41}},"143":{"start":{"line":224,"column":3},"end":{"line":241,"column":4}},"144":{"start":{"line":224,"column":24},"end":{"line":224,"column":52}},"145":{"start":{"line":225,"column":8},"end":{"line":241,"column":4}},"146":{"start":{"line":226,"column":4},"end":{"line":226,"column":25}},"147":{"start":{"line":228,"column":4},"end":{"line":240,"column":7}},"148":{"start":{"line":233,"column":5},"end":{"line":239,"column":34}},"149":{"start":{"line":234,"column":6},"end":{"line":235,"column":97}},"150":{"start":{"line":236,"column":6},"end":{"line":236,"column":90}},"151":{"start":{"line":237,"column":6},"end":{"line":237,"column":25}},"152":{"start":{"line":239,"column":6},"end":{"line":239,"column":34}},"153":{"start":{"line":242,"column":12},"end":{"line":242,"column":39}},"154":{"start":{"line":246,"column":0},"end":{"line":248,"column":1}},"155":{"start":{"line":247,"column":1},"end":{"line":247,"column":94}},"156":{"start":{"line":250,"column":0},"end":{"line":255,"column":1}},"157":{"start":{"line":251,"column":1},"end":{"line":254,"column":34}},"158":{"start":{"line":257,"column":0},"end":{"line":279,"column":1}},"159":{"start":{"line":258,"column":1},"end":{"line":259,"column":20}},"160":{"start":{"line":259,"column":2},"end":{"line":259,"column":20}},"161":{"start":{"line":261,"column":1},"end":{"line":278,"column":5}},"162":{"start":{"line":263,"column":3},"end":{"line":264,"column":47}},"163":{"start":{"line":264,"column":4},"end":{"line":264,"column":47}},"164":{"start":{"line":265,"column":3},"end":{"line":265,"column":83}},"165":{"start":{"line":267,"column":3},"end":{"line":267,"column":19}},"166":{"start":{"line":268,"column":3},"end":{"line":268,"column":50}},"167":{"start":{"line":268,"column":21},"end":{"line":268,"column":48}},"168":{"start":{"line":269,"column":3},"end":{"line":269,"column":53}},"169":{"start":{"line":269,"column":30},"end":{"line":269,"column":53}},"170":{"start":{"line":270,"column":3},"end":{"line":270,"column":64}},"171":{"start":{"line":271,"column":3},"end":{"line":271,"column":69}},"172":{"start":{"line":273,"column":3},"end":{"line":277,"column":38}},"173":{"start":{"line":277,"column":19},"end":{"line":277,"column":35}},"174":{"start":{"line":281,"column":0},"end":{"line":288,"column":1}},"175":{"start":{"line":282,"column":1},"end":{"line":287,"column":4}},"176":{"start":{"line":283,"column":2},"end":{"line":286,"column":16}},"177":{"start":{"line":284,"column":3},"end":{"line":284,"column":15}},"178":{"start":{"line":286,"column":3},"end":{"line":286,"column":16}},"179":{"start":{"line":290,"column":0},"end":{"line":300,"column":1}},"180":{"start":{"line":291,"column":1},"end":{"line":299,"column":4}},"181":{"start":{"line":292,"column":2},"end":{"line":298,"column":25}},"182":{"start":{"line":293,"column":3},"end":{"line":297,"column":26}},"183":{"start":{"line":294,"column":4},"end":{"line":295,"column":54}},"184":{"start":{"line":295,"column":5},"end":{"line":295,"column":54}},"185":{"start":{"line":296,"column":4},"end":{"line":296,"column":21}},"186":{"start":{"line":297,"column":13},"end":{"line":297,"column":24}},"187":{"start":{"line":298,"column":12},"end":{"line":298,"column":23}},"188":{"start":{"line":302,"column":0},"end":{"line":304,"column":1}},"189":{"start":{"line":303,"column":1},"end":{"line":303,"column":56}},"190":{"start":{"line":306,"column":0},"end":{"line":315,"column":1}},"191":{"start":{"line":307,"column":1},"end":{"line":314,"column":4}},"192":{"start":{"line":308,"column":2},"end":{"line":313,"column":25}},"193":{"start":{"line":309,"column":3},"end":{"line":312,"column":106}},"194":{"start":{"line":310,"column":4},"end":{"line":310,"column":32}},"195":{"start":{"line":312,"column":4},"end":{"line":312,"column":106}},"196":{"start":{"line":312,"column":66},"end":{"line":312,"column":84}},"197":{"start":{"line":312,"column":93},"end":{"line":312,"column":104}},"198":{"start":{"line":313,"column":12},"end":{"line":313,"column":23}},"199":{"start":{"line":317,"column":0},"end":{"line":327,"column":1}},"200":{"start":{"line":318,"column":1},"end":{"line":326,"column":4}},"201":{"start":{"line":319,"column":2},"end":{"line":325,"column":25}},"202":{"start":{"line":320,"column":3},"end":{"line":324,"column":64}},"203":{"start":{"line":321,"column":4},"end":{"line":321,"column":32}},"204":{"start":{"line":323,"column":4},"end":{"line":324,"column":64}},"205":{"start":{"line":324,"column":24},"end":{"line":324,"column":42}},"206":{"start":{"line":324,"column":51},"end":{"line":324,"column":62}},"207":{"start":{"line":325,"column":12},"end":{"line":325,"column":23}},"208":{"start":{"line":329,"column":0},"end":{"line":351,"column":1}},"209":{"start":{"line":331,"column":1},"end":{"line":350,"column":4}},"210":{"start":{"line":332,"column":2},"end":{"line":349,"column":5}},"211":{"start":{"line":334,"column":3},"end":{"line":334,"column":51}},"212":{"start":{"line":335,"column":3},"end":{"line":345,"column":6}},"213":{"start":{"line":336,"column":4},"end":{"line":336,"column":97}},"214":{"start":{"line":337,"column":4},"end":{"line":340,"column":5}},"215":{"start":{"line":338,"column":5},"end":{"line":338,"column":54}},"216":{"start":{"line":339,"column":5},"end":{"line":339,"column":114}},"217":{"start":{"line":341,"column":4},"end":{"line":341,"column":21}},"218":{"start":{"line":343,"column":4},"end":{"line":343,"column":73}},"219":{"start":{"line":344,"column":4},"end":{"line":344,"column":16}},"220":{"start":{"line":347,"column":3},"end":{"line":347,"column":59}},"221":{"start":{"line":348,"column":3},"end":{"line":348,"column":15}},"222":{"start":{"line":353,"column":0},"end":{"line":380,"column":1}},"223":{"start":{"line":354,"column":1},"end":{"line":354,"column":43}},"224":{"start":{"line":355,"column":1},"end":{"line":379,"column":4}},"225":{"start":{"line":356,"column":2},"end":{"line":378,"column":5}},"226":{"start":{"line":359,"column":3},"end":{"line":362,"column":4}},"227":{"start":{"line":360,"column":4},"end":{"line":360,"column":27}},"228":{"start":{"line":361,"column":4},"end":{"line":361,"column":11}},"229":{"start":{"line":363,"column":3},"end":{"line":375,"column":4}},"230":{"start":{"line":364,"column":4},"end":{"line":364,"column":90}},"231":{"start":{"line":365,"column":4},"end":{"line":371,"column":6}},"232":{"start":{"line":372,"column":4},"end":{"line":372,"column":43}},"233":{"start":{"line":374,"column":4},"end":{"line":374,"column":32}},"234":{"start":{"line":377,"column":3},"end":{"line":377,"column":26}},"235":{"start":{"line":382,"column":0},"end":{"line":404,"column":1}},"236":{"start":{"line":383,"column":1},"end":{"line":403,"column":4}},"237":{"start":{"line":384,"column":2},"end":{"line":384,"column":49}},"238":{"start":{"line":385,"column":2},"end":{"line":402,"column":5}},"239":{"start":{"line":386,"column":3},"end":{"line":389,"column":4}},"240":{"start":{"line":387,"column":4},"end":{"line":387,"column":27}},"241":{"start":{"line":388,"column":4},"end":{"line":388,"column":11}},"242":{"start":{"line":390,"column":3},"end":{"line":399,"column":6}},"243":{"start":{"line":393,"column":4},"end":{"line":396,"column":23}},"244":{"start":{"line":394,"column":5},"end":{"line":394,"column":27}},"245":{"start":{"line":396,"column":5},"end":{"line":396,"column":23}},"246":{"start":{"line":398,"column":4},"end":{"line":398,"column":27}},"247":{"start":{"line":401,"column":3},"end":{"line":401,"column":26}},"248":{"start":{"line":406,"column":0},"end":{"line":420,"column":1}},"249":{"start":{"line":407,"column":1},"end":{"line":419,"column":4}},"250":{"start":{"line":408,"column":2},"end":{"line":418,"column":25}},"251":{"start":{"line":412,"column":3},"end":{"line":412,"column":52}},"252":{"start":{"line":413,"column":3},"end":{"line":417,"column":48}},"253":{"start":{"line":417,"column":17},"end":{"line":417,"column":26}},"254":{"start":{"line":417,"column":35},"end":{"line":417,"column":46}},"255":{"start":{"line":418,"column":12},"end":{"line":418,"column":23}},"256":{"start":{"line":422,"column":0},"end":{"line":445,"column":1}},"257":{"start":{"line":425,"column":1},"end":{"line":425,"column":152}},"258":{"start":{"line":425,"column":50},"end":{"line":425,"column":84}},"259":{"start":{"line":425,"column":91},"end":{"line":425,"column":150}},"260":{"start":{"line":427,"column":1},"end":{"line":427,"column":66}},"261":{"start":{"line":429,"column":1},"end":{"line":444,"column":4}},"262":{"start":{"line":430,"column":2},"end":{"line":443,"column":25}},"263":{"start":{"line":441,"column":3},"end":{"line":441,"column":39}},"264":{"start":{"line":442,"column":3},"end":{"line":442,"column":80}},"265":{"start":{"line":442,"column":45},"end":{"line":442,"column":58}},"266":{"start":{"line":442,"column":67},"end":{"line":442,"column":78}},"267":{"start":{"line":443,"column":12},"end":{"line":443,"column":23}}},"branchMap":{"1":{"line":53,"type":"if","locations":[{"start":{"line":53,"column":1},"end":{"line":53,"column":1}},{"start":{"line":53,"column":1},"end":{"line":53,"column":1}}]},"2":{"line":68,"type":"if","locations":[{"start":{"line":68,"column":3},"end":{"line":68,"column":3}},{"start":{"line":68,"column":3},"end":{"line":68,"column":3}}]},"3":{"line":82,"type":"if","locations":[{"start":{"line":82,"column":2},"end":{"line":82,"column":2}},{"start":{"line":82,"column":2},"end":{"line":82,"column":2}}]},"4":{"line":84,"type":"if","locations":[{"start":{"line":84,"column":2},"end":{"line":84,"column":2}},{"start":{"line":84,"column":2},"end":{"line":84,"column":2}}]},"5":{"line":86,"type":"if","locations":[{"start":{"line":86,"column":2},"end":{"line":86,"column":2}},{"start":{"line":86,"column":2},"end":{"line":86,"column":2}}]},"6":{"line":104,"type":"if","locations":[{"start":{"line":104,"column":6},"end":{"line":104,"column":6}},{"start":{"line":104,"column":6},"end":{"line":104,"column":6}}]},"7":{"line":108,"type":"if","locations":[{"start":{"line":108,"column":11},"end":{"line":108,"column":11}},{"start":{"line":108,"column":11},"end":{"line":108,"column":11}}]},"8":{"line":110,"type":"if","locations":[{"start":{"line":110,"column":11},"end":{"line":110,"column":11}},{"start":{"line":110,"column":11},"end":{"line":110,"column":11}}]},"9":{"line":122,"type":"if","locations":[{"start":{"line":122,"column":4},"end":{"line":122,"column":4}},{"start":{"line":122,"column":4},"end":{"line":122,"column":4}}]},"10":{"line":171,"type":"if","locations":[{"start":{"line":171,"column":3},"end":{"line":171,"column":3}},{"start":{"line":171,"column":3},"end":{"line":171,"column":3}}]},"11":{"line":172,"type":"if","locations":[{"start":{"line":172,"column":8},"end":{"line":172,"column":8}},{"start":{"line":172,"column":8},"end":{"line":172,"column":8}}]},"12":{"line":182,"type":"if","locations":[{"start":{"line":182,"column":5},"end":{"line":182,"column":5}},{"start":{"line":182,"column":5},"end":{"line":182,"column":5}}]},"13":{"line":197,"type":"if","locations":[{"start":{"line":197,"column":3},"end":{"line":197,"column":3}},{"start":{"line":197,"column":3},"end":{"line":197,"column":3}}]},"14":{"line":198,"type":"if","locations":[{"start":{"line":198,"column":8},"end":{"line":198,"column":8}},{"start":{"line":198,"column":8},"end":{"line":198,"column":8}}]},"15":{"line":206,"type":"if","locations":[{"start":{"line":206,"column":5},"end":{"line":206,"column":5}},{"start":{"line":206,"column":5},"end":{"line":206,"column":5}}]},"16":{"line":224,"type":"if","locations":[{"start":{"line":224,"column":3},"end":{"line":224,"column":3}},{"start":{"line":224,"column":3},"end":{"line":224,"column":3}}]},"17":{"line":225,"type":"if","locations":[{"start":{"line":225,"column":8},"end":{"line":225,"column":8}},{"start":{"line":225,"column":8},"end":{"line":225,"column":8}}]},"18":{"line":233,"type":"if","locations":[{"start":{"line":233,"column":5},"end":{"line":233,"column":5}},{"start":{"line":233,"column":5},"end":{"line":233,"column":5}}]},"19":{"line":258,"type":"if","locations":[{"start":{"line":258,"column":1},"end":{"line":258,"column":1}},{"start":{"line":258,"column":1},"end":{"line":258,"column":1}}]},"20":{"line":263,"type":"if","locations":[{"start":{"line":263,"column":3},"end":{"line":263,"column":3}},{"start":{"line":263,"column":3},"end":{"line":263,"column":3}}]},"21":{"line":269,"type":"if","locations":[{"start":{"line":269,"column":3},"end":{"line":269,"column":3}},{"start":{"line":269,"column":3},"end":{"line":269,"column":3}}]},"22":{"line":283,"type":"if","locations":[{"start":{"line":283,"column":2},"end":{"line":283,"column":2}},{"start":{"line":283,"column":2},"end":{"line":283,"column":2}}]},"23":{"line":309,"type":"if","locations":[{"start":{"line":309,"column":3},"end":{"line":309,"column":3}},{"start":{"line":309,"column":3},"end":{"line":309,"column":3}}]},"24":{"line":320,"type":"if","locations":[{"start":{"line":320,"column":3},"end":{"line":320,"column":3}},{"start":{"line":320,"column":3},"end":{"line":320,"column":3}}]},"25":{"line":359,"type":"if","locations":[{"start":{"line":359,"column":3},"end":{"line":359,"column":3}},{"start":{"line":359,"column":3},"end":{"line":359,"column":3}}]},"26":{"line":363,"type":"if","locations":[{"start":{"line":363,"column":3},"end":{"line":363,"column":3}},{"start":{"line":363,"column":3},"end":{"line":363,"column":3}}]},"27":{"line":386,"type":"if","locations":[{"start":{"line":386,"column":3},"end":{"line":386,"column":3}},{"start":{"line":386,"column":3},"end":{"line":386,"column":3}}]},"28":{"line":393,"type":"if","locations":[{"start":{"line":393,"column":4},"end":{"line":393,"column":4}},{"start":{"line":393,"column":4},"end":{"line":393,"column":4}}]}}},"/root/dev/server/db/models.js":{"path":"/root/dev/server/db/models.js","s":{"1":1,"2":1,"3":1,"4":1,"5":1,"6":1,"7":1,"8":1,"9":0,"10":0,"11":0,"12":0,"13":0,"14":0,"15":0,"16":0,"17":0,"18":0,"19":0},"b":{"1":[0,0]},"f":{"1":1,"2":0,"3":0,"4":0,"5":0},"fnMap":{"1":{"name":"(anonymous_1)","line":7,"loc":{"start":{"line":7,"column":15},"end":{"line":7,"column":29}}},"2":{"name":"(anonymous_2)","line":49,"loc":{"start":{"line":49,"column":23},"end":{"line":49,"column":39}}},"3":{"name":"(anonymous_3)","line":50,"loc":{"start":{"line":50,"column":20},"end":{"line":50,"column":46}}},"4":{"name":"(anonymous_4)","line":58,"loc":{"start":{"line":58,"column":50},"end":{"line":58,"column":61}}},"5":{"name":"(anonymous_5)","line":60,"loc":{"start":{"line":60,"column":6},"end":{"line":60,"column":20}}}},"statementMap":{"1":{"start":{"line":1,"column":0},"end":{"line":1,"column":37}},"2":{"start":{"line":3,"column":0},"end":{"line":3,"column":19}},"3":{"start":{"line":5,"column":0},"end":{"line":5,"column":28}},"4":{"start":{"line":7,"column":0},"end":{"line":47,"column":1}},"5":{"start":{"line":8,"column":1},"end":{"line":33,"column":4}},"6":{"start":{"line":35,"column":1},"end":{"line":43,"column":4}},"7":{"start":{"line":45,"column":1},"end":{"line":45,"column":28}},"8":{"start":{"line":49,"column":0},"end":{"line":68,"column":1}},"9":{"start":{"line":50,"column":1},"end":{"line":67,"column":4}},"10":{"start":{"line":51,"column":2},"end":{"line":54,"column":3}},"11":{"start":{"line":52,"column":3},"end":{"line":52,"column":42}},"12":{"start":{"line":53,"column":3},"end":{"line":53,"column":44}},"13":{"start":{"line":55,"column":2},"end":{"line":55,"column":35}},"14":{"start":{"line":57,"column":2},"end":{"line":64,"column":3}},"15":{"start":{"line":58,"column":3},"end":{"line":63,"column":6}},"16":{"start":{"line":59,"column":4},"end":{"line":59,"column":44}},"17":{"start":{"line":61,"column":4},"end":{"line":61,"column":54}},"18":{"start":{"line":62,"column":4},"end":{"line":62,"column":16}},"19":{"start":{"line":66,"column":2},"end":{"line":66,"column":22}}},"branchMap":{"1":{"line":51,"type":"if","locations":[{"start":{"line":51,"column":2},"end":{"line":51,"column":2}},{"start":{"line":51,"column":2},"end":{"line":51,"column":2}}]}}},"/root/dev/server/crypto.js":{"path":"/root/dev/server/crypto.js","s":{"1":1,"2":1,"3":1,"4":17,"5":1,"6":3,"7":1,"8":5,"9":5,"10":5,"11":5,"12":1,"13":1,"14":1,"15":23,"16":23,"17":23,"18":16,"19":7,"20":1,"21":1,"22":1,"23":1,"24":1,"25":1,"26":23,"27":23,"28":19,"29":19},"b":{},"f":{"1":17,"2":3,"3":5,"4":1,"5":23,"6":23,"7":1,"8":23},"fnMap":{"1":{"name":"(anonymous_1)","line":4,"loc":{"start":{"line":4,"column":24},"end":{"line":4,"column":39}}},"2":{"name":"(anonymous_2)","line":8,"loc":{"start":{"line":8,"column":26},"end":{"line":8,"column":42}}},"3":{"name":"(anonymous_3)","line":14,"loc":{"start":{"line":14,"column":17},"end":{"line":14,"column":41}}},"4":{"name":"(anonymous_4)","line":24,"loc":{"start":{"line":24,"column":22},"end":{"line":24,"column":36}}},"5":{"name":"(anonymous_5)","line":28,"loc":{"start":{"line":28,"column":22},"end":{"line":28,"column":36}}},"6":{"name":"(anonymous_6)","line":29,"loc":{"start":{"line":29,"column":20},"end":{"line":29,"column":46}}},"7":{"name":"(anonymous_7)","line":39,"loc":{"start":{"line":39,"column":18},"end":{"line":39,"column":32}}},"8":{"name":"(anonymous_8)","line":46,"loc":{"start":{"line":46,"column":18},"end":{"line":46,"column":32}}}},"statementMap":{"1":{"start":{"line":1,"column":0},"end":{"line":1,"column":31}},"2":{"start":{"line":2,"column":0},"end":{"line":2,"column":31}},"3":{"start":{"line":4,"column":0},"end":{"line":6,"column":1}},"4":{"start":{"line":5,"column":4},"end":{"line":5,"column":80}},"5":{"start":{"line":8,"column":0},"end":{"line":12,"column":2}},"6":{"start":{"line":9,"column":4},"end":{"line":11,"column":29}},"7":{"start":{"line":14,"column":0},"end":{"line":22,"column":2}},"8":{"start":{"line":15,"column":4},"end":{"line":15,"column":49}},"9":{"start":{"line":16,"column":4},"end":{"line":16,"column":26}},"10":{"start":{"line":17,"column":4},"end":{"line":17,"column":35}},"11":{"start":{"line":18,"column":4},"end":{"line":21,"column":6}},"12":{"start":{"line":24,"column":0},"end":{"line":26,"column":1}},"13":{"start":{"line":25,"column":1},"end":{"line":25,"column":45}},"14":{"start":{"line":28,"column":0},"end":{"line":37,"column":1}},"15":{"start":{"line":29,"column":1},"end":{"line":36,"column":4}},"16":{"start":{"line":30,"column":2},"end":{"line":35,"column":3}},"17":{"start":{"line":31,"column":3},"end":{"line":31,"column":42}},"18":{"start":{"line":32,"column":3},"end":{"line":32,"column":16}},"19":{"start":{"line":34,"column":3},"end":{"line":34,"column":40}},"20":{"start":{"line":39,"column":0},"end":{"line":44,"column":1}},"21":{"start":{"line":40,"column":2},"end":{"line":40,"column":97}},"22":{"start":{"line":41,"column":2},"end":{"line":41,"column":49}},"23":{"start":{"line":42,"column":2},"end":{"line":42,"column":33}},"24":{"start":{"line":43,"column":2},"end":{"line":43,"column":17}},"25":{"start":{"line":46,"column":0},"end":{"line":51,"column":1}},"26":{"start":{"line":47,"column":2},"end":{"line":47,"column":101}},"27":{"start":{"line":48,"column":2},"end":{"line":48,"column":46}},"28":{"start":{"line":49,"column":2},"end":{"line":49,"column":32}},"29":{"start":{"line":50,"column":2},"end":{"line":50,"column":13}}},"branchMap":{}},"/root/dev/server/blockchain/eth.js":{"path":"/root/dev/server/blockchain/eth.js","s":{"1":1,"2":1,"3":1,"4":1,"5":1,"6":1,"7":1,"8":1,"9":1,"10":1,"11":0,"12":1,"13":0,"14":1,"15":16,"16":1,"17":7,"18":1,"19":1,"20":1,"21":1,"22":3,"23":3,"24":3,"25":3,"26":3,"27":3,"28":3,"29":0,"30":0,"31":0,"32":1,"33":5,"34":5,"35":5,"36":0,"37":1,"38":1,"39":1,"40":1,"41":0,"42":1,"43":31,"44":31,"45":13,"46":18,"47":16,"48":2},"b":{"1":[0,1],"2":[0,1],"3":[3,0],"4":[3,0],"5":[13,18],"6":[16,2]},"f":{"1":16,"2":7,"3":1,"4":3,"5":5,"6":1,"7":31},"fnMap":{"1":{"name":"(anonymous_1)","line":22,"loc":{"start":{"line":22,"column":22},"end":{"line":22,"column":33}}},"2":{"name":"(anonymous_2)","line":23,"loc":{"start":{"line":23,"column":21},"end":{"line":23,"column":32}}},"3":{"name":"(anonymous_3)","line":25,"loc":{"start":{"line":25,"column":22},"end":{"line":25,"column":41}}},"4":{"name":"(anonymous_4)","line":30,"loc":{"start":{"line":30,"column":19},"end":{"line":30,"column":30}}},"5":{"name":"(anonymous_5)","line":51,"loc":{"start":{"line":51,"column":21},"end":{"line":51,"column":39}}},"6":{"name":"(anonymous_6)","line":61,"loc":{"start":{"line":61,"column":21},"end":{"line":61,"column":40}}},"7":{"name":"(anonymous_7)","line":69,"loc":{"start":{"line":69,"column":18},"end":{"line":69,"column":36}}}},"statementMap":{"1":{"start":{"line":1,"column":0},"end":{"line":1,"column":27}},"2":{"start":{"line":2,"column":0},"end":{"line":2,"column":31}},"3":{"start":{"line":3,"column":0},"end":{"line":3,"column":50}},"4":{"start":{"line":4,"column":0},"end":{"line":4,"column":48}},"5":{"start":{"line":5,"column":0},"end":{"line":5,"column":32}},"6":{"start":{"line":7,"column":0},"end":{"line":7,"column":26}},"7":{"start":{"line":9,"column":0},"end":{"line":9,"column":108}},"8":{"start":{"line":11,"column":0},"end":{"line":11,"column":28}},"9":{"start":{"line":12,"column":0},"end":{"line":12,"column":27}},"10":{"start":{"line":14,"column":0},"end":{"line":16,"column":1}},"11":{"start":{"line":15,"column":1},"end":{"line":15,"column":46}},"12":{"start":{"line":17,"column":0},"end":{"line":19,"column":1}},"13":{"start":{"line":18,"column":1},"end":{"line":18,"column":45}},"14":{"start":{"line":22,"column":0},"end":{"line":22,"column":53}},"15":{"start":{"line":22,"column":35},"end":{"line":22,"column":51}},"16":{"start":{"line":23,"column":0},"end":{"line":23,"column":51}},"17":{"start":{"line":23,"column":34},"end":{"line":23,"column":49}},"18":{"start":{"line":25,"column":0},"end":{"line":28,"column":1}},"19":{"start":{"line":26,"column":1},"end":{"line":26,"column":32}},"20":{"start":{"line":27,"column":1},"end":{"line":27,"column":31}},"21":{"start":{"line":30,"column":0},"end":{"line":49,"column":1}},"22":{"start":{"line":31,"column":1},"end":{"line":48,"column":4}},"23":{"start":{"line":32,"column":3},"end":{"line":47,"column":4}},"24":{"start":{"line":34,"column":4},"end":{"line":45,"column":55}},"25":{"start":{"line":35,"column":5},"end":{"line":43,"column":6}},"26":{"start":{"line":36,"column":6},"end":{"line":36,"column":44}},"27":{"start":{"line":37,"column":6},"end":{"line":40,"column":29}},"28":{"start":{"line":38,"column":7},"end":{"line":38,"column":51}},"29":{"start":{"line":40,"column":7},"end":{"line":40,"column":29}},"30":{"start":{"line":42,"column":6},"end":{"line":42,"column":24}},"31":{"start":{"line":45,"column":5},"end":{"line":45,"column":55}},"32":{"start":{"line":51,"column":0},"end":{"line":59,"column":1}},"33":{"start":{"line":52,"column":1},"end":{"line":58,"column":4}},"34":{"start":{"line":53,"column":2},"end":{"line":57,"column":3}},"35":{"start":{"line":54,"column":3},"end":{"line":54,"column":49}},"36":{"start":{"line":56,"column":3},"end":{"line":56,"column":21}},"37":{"start":{"line":61,"column":0},"end":{"line":67,"column":1}},"38":{"start":{"line":62,"column":1},"end":{"line":62,"column":54}},"39":{"start":{"line":63,"column":1},"end":{"line":66,"column":72}},"40":{"start":{"line":66,"column":21},"end":{"line":66,"column":49}},"41":{"start":{"line":66,"column":59},"end":{"line":66,"column":70}},"42":{"start":{"line":69,"column":0},"end":{"line":74,"column":1}},"43":{"start":{"line":70,"column":1},"end":{"line":70,"column":47}},"44":{"start":{"line":71,"column":1},"end":{"line":71,"column":28}},"45":{"start":{"line":71,"column":16},"end":{"line":71,"column":28}},"46":{"start":{"line":72,"column":1},"end":{"line":73,"column":18}},"47":{"start":{"line":72,"column":28},"end":{"line":72,"column":41}},"48":{"start":{"line":73,"column":6},"end":{"line":73,"column":18}}},"branchMap":{"1":{"line":14,"type":"if","locations":[{"start":{"line":14,"column":0},"end":{"line":14,"column":0}},{"start":{"line":14,"column":0},"end":{"line":14,"column":0}}]},"2":{"line":17,"type":"if","locations":[{"start":{"line":17,"column":0},"end":{"line":17,"column":0}},{"start":{"line":17,"column":0},"end":{"line":17,"column":0}}]},"3":{"line":34,"type":"if","locations":[{"start":{"line":34,"column":4},"end":{"line":34,"column":4}},{"start":{"line":34,"column":4},"end":{"line":34,"column":4}}]},"4":{"line":37,"type":"if","locations":[{"start":{"line":37,"column":6},"end":{"line":37,"column":6}},{"start":{"line":37,"column":6},"end":{"line":37,"column":6}}]},"5":{"line":71,"type":"if","locations":[{"start":{"line":71,"column":1},"end":{"line":71,"column":1}},{"start":{"line":71,"column":1},"end":{"line":71,"column":1}}]},"6":{"line":72,"type":"if","locations":[{"start":{"line":72,"column":1},"end":{"line":72,"column":1}},{"start":{"line":72,"column":1},"end":{"line":72,"column":1}}]}}},"/root/dev/server/blockchain/contracts/goldBank.js":{"path":"/root/dev/server/blockchain/contracts/goldBank.js","s":{"1":1,"2":1,"3":1,"4":1,"5":1,"6":1,"7":1,"8":1,"9":1,"10":7,"11":1,"12":1,"13":1,"14":1,"15":0,"16":0,"17":1,"18":2,"19":2,"20":1,"21":1,"22":1,"23":1,"24":0,"25":0,"26":1,"27":1,"28":1,"29":1,"30":0,"31":0,"32":1,"33":1,"34":1,"35":1,"36":0,"37":1,"38":5,"39":5,"40":5,"41":5,"42":0,"43":1,"44":1,"45":6,"46":1,"47":2,"48":2,"49":2,"50":2,"51":0,"52":1,"53":2,"54":2,"55":2,"56":2,"57":0,"58":1,"59":2,"60":2,"61":0,"62":0,"63":2,"64":2,"65":2,"66":2,"67":0,"68":1,"69":1,"70":1,"71":0,"72":0,"73":1,"74":1,"75":1,"76":1,"77":0,"78":1,"79":2,"80":2,"81":0,"82":0,"83":2,"84":2,"85":2,"86":2,"87":0},"b":{"1":[1,0],"2":[1,1],"3":[0,1],"4":[2,0],"5":[1,1],"6":[0,1],"7":[1,0],"8":[5,0],"9":[2,0],"10":[2,0],"11":[0,2],"12":[2,0],"13":[0,1],"14":[1,0],"15":[0,2],"16":[2,0]},"f":{"1":1,"2":7,"3":1,"4":1,"5":2,"6":1,"7":1,"8":5,"9":5,"10":1,"11":6,"12":2,"13":2,"14":2,"15":2,"16":2,"17":2,"18":1,"19":1,"20":2,"21":2},"fnMap":{"1":{"name":"(anonymous_1)","line":6,"loc":{"start":{"line":6,"column":15},"end":{"line":6,"column":30}}},"2":{"name":"(anonymous_2)","line":15,"loc":{"start":{"line":15,"column":14},"end":{"line":15,"column":25}}},"3":{"name":"(anonymous_3)","line":19,"loc":{"start":{"line":19,"column":17},"end":{"line":19,"column":28}}},"4":{"name":"(anonymous_4)","line":21,"loc":{"start":{"line":21,"column":20},"end":{"line":21,"column":47}}},"5":{"name":"(anonymous_5)","line":31,"loc":{"start":{"line":31,"column":8},"end":{"line":31,"column":31}}},"6":{"name":"(anonymous_6)","line":50,"loc":{"start":{"line":50,"column":21},"end":{"line":50,"column":52}}},"7":{"name":"(anonymous_7)","line":51,"loc":{"start":{"line":51,"column":20},"end":{"line":51,"column":47}}},"8":{"name":"(anonymous_8)","line":70,"loc":{"start":{"line":70,"column":21},"end":{"line":70,"column":39}}},"9":{"name":"(anonymous_9)","line":71,"loc":{"start":{"line":71,"column":20},"end":{"line":71,"column":47}}},"10":{"name":"(anonymous_10)","line":79,"loc":{"start":{"line":79,"column":22},"end":{"line":79,"column":41}}},"11":{"name":"(anonymous_11)","line":80,"loc":{"start":{"line":80,"column":25},"end":{"line":80,"column":97}}},"12":{"name":"(anonymous_12)","line":132,"loc":{"start":{"line":132,"column":19},"end":{"line":132,"column":37}}},"13":{"name":"(anonymous_13)","line":133,"loc":{"start":{"line":133,"column":20},"end":{"line":133,"column":46}}},"14":{"name":"(anonymous_14)","line":143,"loc":{"start":{"line":143,"column":21},"end":{"line":143,"column":39}}},"15":{"name":"(anonymous_15)","line":144,"loc":{"start":{"line":144,"column":20},"end":{"line":144,"column":46}}},"16":{"name":"(anonymous_16)","line":154,"loc":{"start":{"line":154,"column":21},"end":{"line":154,"column":49}}},"17":{"name":"(anonymous_17)","line":155,"loc":{"start":{"line":155,"column":20},"end":{"line":155,"column":47}}},"18":{"name":"(anonymous_18)","line":171,"loc":{"start":{"line":171,"column":19},"end":{"line":171,"column":57}}},"19":{"name":"(anonymous_19)","line":172,"loc":{"start":{"line":172,"column":20},"end":{"line":172,"column":47}}},"20":{"name":"(anonymous_20)","line":188,"loc":{"start":{"line":188,"column":15},"end":{"line":188,"column":43}}},"21":{"name":"(anonymous_21)","line":189,"loc":{"start":{"line":189,"column":20},"end":{"line":189,"column":47}}}},"statementMap":{"1":{"start":{"line":1,"column":0},"end":{"line":1,"column":30}},"2":{"start":{"line":3,"column":0},"end":{"line":3,"column":4186}},"3":{"start":{"line":4,"column":0},"end":{"line":4,"column":12546}},"4":{"start":{"line":6,"column":0},"end":{"line":13,"column":1}},"5":{"start":{"line":7,"column":1},"end":{"line":7,"column":21}},"6":{"start":{"line":8,"column":1},"end":{"line":8,"column":59}},"7":{"start":{"line":10,"column":1},"end":{"line":12,"column":2}},"8":{"start":{"line":11,"column":2},"end":{"line":11,"column":82}},"9":{"start":{"line":15,"column":0},"end":{"line":17,"column":1}},"10":{"start":{"line":16,"column":1},"end":{"line":16,"column":131}},"11":{"start":{"line":19,"column":0},"end":{"line":46,"column":1}},"12":{"start":{"line":20,"column":1},"end":{"line":20,"column":37}},"13":{"start":{"line":21,"column":1},"end":{"line":45,"column":4}},"14":{"start":{"line":22,"column":2},"end":{"line":25,"column":3}},"15":{"start":{"line":23,"column":3},"end":{"line":23,"column":26}},"16":{"start":{"line":24,"column":3},"end":{"line":24,"column":10}},"17":{"start":{"line":26,"column":2},"end":{"line":44,"column":6}},"18":{"start":{"line":32,"column":4},"end":{"line":43,"column":8}},"19":{"start":{"line":33,"column":10},"end":{"line":39,"column":11}},"20":{"start":{"line":34,"column":12},"end":{"line":34,"column":92}},"21":{"start":{"line":36,"column":6},"end":{"line":36,"column":145}},"22":{"start":{"line":37,"column":6},"end":{"line":37,"column":63}},"23":{"start":{"line":38,"column":6},"end":{"line":38,"column":32}},"24":{"start":{"line":41,"column":8},"end":{"line":41,"column":64}},"25":{"start":{"line":42,"column":8},"end":{"line":42,"column":20}},"26":{"start":{"line":48,"column":0},"end":{"line":48,"column":115}},"27":{"start":{"line":50,"column":0},"end":{"line":68,"column":1}},"28":{"start":{"line":51,"column":1},"end":{"line":67,"column":4}},"29":{"start":{"line":52,"column":2},"end":{"line":55,"column":3}},"30":{"start":{"line":53,"column":3},"end":{"line":53,"column":26}},"31":{"start":{"line":54,"column":3},"end":{"line":54,"column":10}},"32":{"start":{"line":57,"column":2},"end":{"line":65,"column":6}},"33":{"start":{"line":59,"column":4},"end":{"line":64,"column":17}},"34":{"start":{"line":60,"column":5},"end":{"line":60,"column":131}},"35":{"start":{"line":61,"column":5},"end":{"line":61,"column":24}},"36":{"start":{"line":64,"column":5},"end":{"line":64,"column":17}},"37":{"start":{"line":70,"column":0},"end":{"line":77,"column":1}},"38":{"start":{"line":71,"column":1},"end":{"line":76,"column":4}},"39":{"start":{"line":72,"column":2},"end":{"line":75,"column":5}},"40":{"start":{"line":73,"column":3},"end":{"line":74,"column":20}},"41":{"start":{"line":73,"column":12},"end":{"line":73,"column":25}},"42":{"start":{"line":74,"column":8},"end":{"line":74,"column":20}},"43":{"start":{"line":79,"column":0},"end":{"line":84,"column":1}},"44":{"start":{"line":80,"column":1},"end":{"line":83,"column":2}},"45":{"start":{"line":82,"column":2},"end":{"line":82,"column":74}},"46":{"start":{"line":132,"column":0},"end":{"line":141,"column":1}},"47":{"start":{"line":133,"column":1},"end":{"line":140,"column":4}},"48":{"start":{"line":134,"column":2},"end":{"line":139,"column":5}},"49":{"start":{"line":135,"column":3},"end":{"line":138,"column":16}},"50":{"start":{"line":136,"column":4},"end":{"line":136,"column":17}},"51":{"start":{"line":138,"column":4},"end":{"line":138,"column":16}},"52":{"start":{"line":143,"column":0},"end":{"line":152,"column":1}},"53":{"start":{"line":144,"column":1},"end":{"line":151,"column":4}},"54":{"start":{"line":145,"column":2},"end":{"line":150,"column":5}},"55":{"start":{"line":146,"column":3},"end":{"line":149,"column":16}},"56":{"start":{"line":147,"column":4},"end":{"line":147,"column":17}},"57":{"start":{"line":149,"column":4},"end":{"line":149,"column":16}},"58":{"start":{"line":154,"column":0},"end":{"line":169,"column":1}},"59":{"start":{"line":155,"column":1},"end":{"line":168,"column":4}},"60":{"start":{"line":156,"column":2},"end":{"line":159,"column":3}},"61":{"start":{"line":157,"column":3},"end":{"line":157,"column":26}},"62":{"start":{"line":158,"column":3},"end":{"line":158,"column":10}},"63":{"start":{"line":160,"column":2},"end":{"line":167,"column":5}},"64":{"start":{"line":161,"column":3},"end":{"line":166,"column":4}},"65":{"start":{"line":162,"column":4},"end":{"line":162,"column":126}},"66":{"start":{"line":163,"column":4},"end":{"line":163,"column":23}},"67":{"start":{"line":165,"column":4},"end":{"line":165,"column":16}},"68":{"start":{"line":171,"column":0},"end":{"line":186,"column":1}},"69":{"start":{"line":172,"column":1},"end":{"line":185,"column":4}},"70":{"start":{"line":173,"column":2},"end":{"line":176,"column":3}},"71":{"start":{"line":174,"column":3},"end":{"line":174,"column":26}},"72":{"start":{"line":175,"column":3},"end":{"line":175,"column":10}},"73":{"start":{"line":177,"column":2},"end":{"line":184,"column":5}},"74":{"start":{"line":178,"column":3},"end":{"line":183,"column":4}},"75":{"start":{"line":179,"column":4},"end":{"line":179,"column":141}},"76":{"start":{"line":180,"column":4},"end":{"line":180,"column":23}},"77":{"start":{"line":182,"column":4},"end":{"line":182,"column":16}},"78":{"start":{"line":188,"column":0},"end":{"line":203,"column":1}},"79":{"start":{"line":189,"column":1},"end":{"line":202,"column":4}},"80":{"start":{"line":190,"column":2},"end":{"line":193,"column":3}},"81":{"start":{"line":191,"column":3},"end":{"line":191,"column":26}},"82":{"start":{"line":192,"column":3},"end":{"line":192,"column":10}},"83":{"start":{"line":194,"column":2},"end":{"line":201,"column":4}},"84":{"start":{"line":195,"column":3},"end":{"line":200,"column":4}},"85":{"start":{"line":196,"column":4},"end":{"line":196,"column":120}},"86":{"start":{"line":197,"column":4},"end":{"line":197,"column":23}},"87":{"start":{"line":199,"column":4},"end":{"line":199,"column":16}}},"branchMap":{"1":{"line":10,"type":"if","locations":[{"start":{"line":10,"column":1},"end":{"line":10,"column":1}},{"start":{"line":10,"column":1},"end":{"line":10,"column":1}}]},"2":{"line":10,"type":"binary-expr","locations":[{"start":{"line":10,"column":4},"end":{"line":10,"column":43}},{"start":{"line":10,"column":47},"end":{"line":10,"column":93}}]},"3":{"line":22,"type":"if","locations":[{"start":{"line":22,"column":2},"end":{"line":22,"column":2}},{"start":{"line":22,"column":2},"end":{"line":22,"column":2}}]},"4":{"line":32,"type":"if","locations":[{"start":{"line":32,"column":4},"end":{"line":32,"column":4}},{"start":{"line":32,"column":4},"end":{"line":32,"column":4}}]},"5":{"line":33,"type":"if","locations":[{"start":{"line":33,"column":10},"end":{"line":33,"column":10}},{"start":{"line":33,"column":10},"end":{"line":33,"column":10}}]},"6":{"line":52,"type":"if","locations":[{"start":{"line":52,"column":2},"end":{"line":52,"column":2}},{"start":{"line":52,"column":2},"end":{"line":52,"column":2}}]},"7":{"line":59,"type":"if","locations":[{"start":{"line":59,"column":4},"end":{"line":59,"column":4}},{"start":{"line":59,"column":4},"end":{"line":59,"column":4}}]},"8":{"line":73,"type":"if","locations":[{"start":{"line":73,"column":3},"end":{"line":73,"column":3}},{"start":{"line":73,"column":3},"end":{"line":73,"column":3}}]},"9":{"line":135,"type":"if","locations":[{"start":{"line":135,"column":3},"end":{"line":135,"column":3}},{"start":{"line":135,"column":3},"end":{"line":135,"column":3}}]},"10":{"line":146,"type":"if","locations":[{"start":{"line":146,"column":3},"end":{"line":146,"column":3}},{"start":{"line":146,"column":3},"end":{"line":146,"column":3}}]},"11":{"line":156,"type":"if","locations":[{"start":{"line":156,"column":2},"end":{"line":156,"column":2}},{"start":{"line":156,"column":2},"end":{"line":156,"column":2}}]},"12":{"line":161,"type":"if","locations":[{"start":{"line":161,"column":3},"end":{"line":161,"column":3}},{"start":{"line":161,"column":3},"end":{"line":161,"column":3}}]},"13":{"line":173,"type":"if","locations":[{"start":{"line":173,"column":2},"end":{"line":173,"column":2}},{"start":{"line":173,"column":2},"end":{"line":173,"column":2}}]},"14":{"line":178,"type":"if","locations":[{"start":{"line":178,"column":3},"end":{"line":178,"column":3}},{"start":{"line":178,"column":3},"end":{"line":178,"column":3}}]},"15":{"line":190,"type":"if","locations":[{"start":{"line":190,"column":2},"end":{"line":190,"column":2}},{"start":{"line":190,"column":2},"end":{"line":190,"column":2}}]},"16":{"line":195,"type":"if","locations":[{"start":{"line":195,"column":3},"end":{"line":195,"column":3}},{"start":{"line":195,"column":3},"end":{"line":195,"column":3}}]}}},"/root/dev/server/blockchain/contracts/GSCBank.js":{"path":"/root/dev/server/blockchain/contracts/GSCBank.js","s":{"1":1,"2":1,"3":1,"4":1,"5":1,"6":1,"7":1,"8":1,"9":1,"10":1,"11":1,"12":1,"13":1,"14":1,"15":2,"16":1,"17":1,"18":1,"19":1,"20":0,"21":0,"22":1,"23":2,"24":2,"25":1,"26":1,"27":1,"28":1,"29":5,"30":0,"31":1,"32":0,"33":0,"34":1,"35":5,"36":5,"37":5,"38":5,"39":0,"40":1,"41":0,"42":0,"43":0,"44":0,"45":0,"46":1,"47":2,"48":2,"49":2,"50":2,"51":0,"52":1,"53":2,"54":2,"55":2,"56":2,"57":0,"58":1,"59":0,"60":0,"61":0,"62":0,"63":0,"64":1,"65":1,"66":1,"67":0,"68":1,"69":1,"70":1,"71":1,"72":1,"73":0,"74":1,"75":0,"76":0,"77":0,"78":0,"79":0,"80":0,"81":0,"82":0,"83":1,"84":0,"85":0,"86":0,"87":0,"88":0,"89":0,"90":0,"91":0,"92":1,"93":0,"94":0,"95":0,"96":0,"97":0,"98":0,"99":0,"100":0,"101":1,"102":0,"103":0,"104":0,"105":0,"106":0,"107":0,"108":0,"109":0},"b":{"1":[1,0],"2":[1,1],"3":[0,1],"4":[2,0],"5":[1,1],"6":[5,0],"7":[0,0],"8":[2,0],"9":[2,0],"10":[0,0],"11":[0,1],"12":[1,0],"13":[0,0],"14":[0,0],"15":[0,0],"16":[0,0],"17":[0,0],"18":[0,0],"19":[0,0],"20":[0,0]},"f":{"1":1,"2":1,"3":1,"4":2,"5":1,"6":1,"7":2,"8":5,"9":5,"10":0,"11":2,"12":2,"13":0,"14":1,"15":0,"16":0,"17":0,"18":0},"fnMap":{"1":{"name":"(anonymous_1)","line":10,"loc":{"start":{"line":10,"column":22},"end":{"line":10,"column":41}}},"2":{"name":"(anonymous_2)","line":11,"loc":{"start":{"line":11,"column":25},"end":{"line":11,"column":97}}},"3":{"name":"(anonymous_3)","line":17,"loc":{"start":{"line":17,"column":15},"end":{"line":17,"column":30}}},"4":{"name":"unlockAdmin","line":26,"loc":{"start":{"line":26,"column":0},"end":{"line":26,"column":23}}},"5":{"name":"(anonymous_5)","line":30,"loc":{"start":{"line":30,"column":17},"end":{"line":30,"column":28}}},"6":{"name":"(anonymous_6)","line":32,"loc":{"start":{"line":32,"column":20},"end":{"line":32,"column":47}}},"7":{"name":"(anonymous_7)","line":42,"loc":{"start":{"line":42,"column":8},"end":{"line":42,"column":31}}},"8":{"name":"(anonymous_8)","line":63,"loc":{"start":{"line":63,"column":21},"end":{"line":63,"column":51}}},"9":{"name":"(anonymous_9)","line":64,"loc":{"start":{"line":64,"column":20},"end":{"line":64,"column":47}}},"10":{"name":"(anonymous_10)","line":72,"loc":{"start":{"line":72,"column":22},"end":{"line":72,"column":40}}},"11":{"name":"(anonymous_11)","line":81,"loc":{"start":{"line":81,"column":19},"end":{"line":81,"column":37}}},"12":{"name":"(anonymous_12)","line":90,"loc":{"start":{"line":90,"column":21},"end":{"line":90,"column":39}}},"13":{"name":"(anonymous_13)","line":99,"loc":{"start":{"line":99,"column":29},"end":{"line":99,"column":50}}},"14":{"name":"(anonymous_14)","line":109,"loc":{"start":{"line":109,"column":21},"end":{"line":109,"column":55}}},"15":{"name":"(anonymous_15)","line":125,"loc":{"start":{"line":125,"column":30},"end":{"line":125,"column":57}}},"16":{"name":"(anonymous_16)","line":138,"loc":{"start":{"line":138,"column":21},"end":{"line":138,"column":61}}},"17":{"name":"(anonymous_17)","line":153,"loc":{"start":{"line":153,"column":15},"end":{"line":153,"column":55}}},"18":{"name":"(anonymous_18)","line":168,"loc":{"start":{"line":168,"column":19},"end":{"line":168,"column":69}}}},"statementMap":{"1":{"start":{"line":1,"column":0},"end":{"line":1,"column":30}},"2":{"start":{"line":3,"column":0},"end":{"line":3,"column":4829}},"3":{"start":{"line":4,"column":0},"end":{"line":4,"column":17064}},"4":{"start":{"line":6,"column":0},"end":{"line":6,"column":115}},"5":{"start":{"line":8,"column":0},"end":{"line":8,"column":50}},"6":{"start":{"line":10,"column":0},"end":{"line":15,"column":1}},"7":{"start":{"line":11,"column":1},"end":{"line":14,"column":2}},"8":{"start":{"line":13,"column":2},"end":{"line":13,"column":74}},"9":{"start":{"line":17,"column":0},"end":{"line":24,"column":1}},"10":{"start":{"line":18,"column":1},"end":{"line":18,"column":21}},"11":{"start":{"line":19,"column":1},"end":{"line":19,"column":59}},"12":{"start":{"line":21,"column":1},"end":{"line":23,"column":2}},"13":{"start":{"line":22,"column":2},"end":{"line":22,"column":81}},"14":{"start":{"line":26,"column":0},"end":{"line":28,"column":1}},"15":{"start":{"line":27,"column":1},"end":{"line":27,"column":137}},"16":{"start":{"line":30,"column":0},"end":{"line":60,"column":1}},"17":{"start":{"line":31,"column":1},"end":{"line":31,"column":36}},"18":{"start":{"line":32,"column":1},"end":{"line":59,"column":4}},"19":{"start":{"line":33,"column":2},"end":{"line":36,"column":3}},"20":{"start":{"line":34,"column":3},"end":{"line":34,"column":26}},"21":{"start":{"line":35,"column":3},"end":{"line":35,"column":10}},"22":{"start":{"line":37,"column":2},"end":{"line":58,"column":6}},"23":{"start":{"line":43,"column":4},"end":{"line":57,"column":8}},"24":{"start":{"line":44,"column":10},"end":{"line":53,"column":11}},"25":{"start":{"line":45,"column":12},"end":{"line":45,"column":91}},"26":{"start":{"line":47,"column":6},"end":{"line":47,"column":144}},"27":{"start":{"line":48,"column":6},"end":{"line":48,"column":63}},"28":{"start":{"line":49,"column":6},"end":{"line":50,"column":87}},"29":{"start":{"line":50,"column":7},"end":{"line
[...]
:20}},"62":{"start":{"line":102,"column":12},"end":{"line":102,"column":25}},"63":{"start":{"line":103,"column":8},"end":{"line":103,"column":20}},"64":{"start":{"line":109,"column":0},"end":{"line":123,"column":1}},"65":{"start":{"line":110,"column":1},"end":{"line":122,"column":4}},"66":{"start":{"line":111,"column":2},"end":{"line":121,"column":6}},"67":{"start":{"line":112,"column":3},"end":{"line":112,"column":26}},"68":{"start":{"line":114,"column":3},"end":{"line":121,"column":6}},"69":{"start":{"line":115,"column":4},"end":{"line":120,"column":21}},"70":{"start":{"line":116,"column":5},"end":{"line":116,"column":101}},"71":{"start":{"line":117,"column":5},"end":{"line":117,"column":137}},"72":{"start":{"line":118,"column":5},"end":{"line":118,"column":24}},"73":{"start":{"line":120,"column":9},"end":{"line":120,"column":21}},"74":{"start":{"line":125,"column":0},"end":{"line":136,"column":1}},"75":{"start":{"line":126,"column":1},"end":{"line":135,"column":4}},"76":{"start":{"line":127,"column":2},"end":{"line":130,"column":3}},"77":{"start":{"line":128,"column":3},"end":{"line":128,"column":26}},"78":{"start":{"line":129,"column":3},"end":{"line":129,"column":10}},"79":{"start":{"line":131,"column":2},"end":{"line":134,"column":5}},"80":{"start":{"line":132,"column":3},"end":{"line":133,"column":21}},"81":{"start":{"line":132,"column":12},"end":{"line":132,"column":31}},"82":{"start":{"line":133,"column":9},"end":{"line":133,"column":21}},"83":{"start":{"line":138,"column":0},"end":{"line":151,"column":1}},"84":{"start":{"line":139,"column":1},"end":{"line":150,"column":4}},"85":{"start":{"line":140,"column":2},"end":{"line":149,"column":6}},"86":{"start":{"line":141,"column":3},"end":{"line":141,"column":26}},"87":{"start":{"line":143,"column":3},"end":{"line":149,"column":6}},"88":{"start":{"line":144,"column":4},"end":{"line":148,"column":21}},"89":{"start":{"line":145,"column":5},"end":{"line":145,"column":149}},"90":{"start":{"line":146,"column":5},"end":{"line":146,"column":24}},"91":{"start":{"line":148,"column":9},"end":{"line":148,"column":21}},"92":{"start":{"line":153,"column":0},"end":{"line":166,"column":1}},"93":{"start":{"line":154,"column":1},"end":{"line":165,"column":4}},"94":{"start":{"line":155,"column":2},"end":{"line":164,"column":6}},"95":{"start":{"line":156,"column":3},"end":{"line":156,"column":26}},"96":{"start":{"line":158,"column":3},"end":{"line":164,"column":6}},"97":{"start":{"line":159,"column":4},"end":{"line":163,"column":21}},"98":{"start":{"line":160,"column":5},"end":{"line":160,"column":143}},"99":{"start":{"line":161,"column":5},"end":{"line":161,"column":24}},"100":{"start":{"line":163,"column":9},"end":{"line":163,"column":21}},"101":{"start":{"line":168,"column":0},"end":{"line":181,"column":1}},"102":{"start":{"line":169,"column":1},"end":{"line":180,"column":4}},"103":{"start":{"line":170,"column":2},"end":{"line":179,"column":6}},"104":{"start":{"line":171,"column":3},"end":{"line":171,"column":26}},"105":{"start":{"line":173,"column":3},"end":{"line":179,"column":6}},"106":{"start":{"line":174,"column":4},"end":{"line":178,"column":21}},"107":{"start":{"line":175,"column":5},"end":{"line":175,"column":164}},"108":{"start":{"line":176,"column":5},"end":{"line":176,"column":24}},"109":{"start":{"line":178,"column":9},"end":{"line":178,"column":21}}},"branchMap":{"1":{"line":21,"type":"if","locations":[{"start":{"line":21,"column":1},"end":{"line":21,"column":1}},{"start":{"line":21,"column":1},"end":{"line":21,"column":1}}]},"2":{"line":21,"type":"binary-expr","locations":[{"start":{"line":21,"column":4},"end":{"line":21,"column":42}},{"start":{"line":21,"column":46},"end":{"line":21,"column":91}}]},"3":{"line":33,"type":"if","locations":[{"start":{"line":33,"column":2},"end":{"line":33,"column":2}},{"start":{"line":33,"column":2},"end":{"line":33,"column":2}}]},"4":{"line":43,"type":"if","locations":[{"start":{"line":43,"column":4},"end":{"line":43,"column":4}},{"start":{"line":43,"column":4},"end":{"line":43,"column":4}}]},"5":{"line":44,"type":"if","locations":[{"start":{"line":44,"column":10},"end":{"line":44,"column":10}},{"start":{"line":44,"column":10},"end":{"line":44,"column":10}}]},"6":{"line":66,"type":"if","locations":[{"start":{"line":66,"column":3},"end":{"line":66,"column":3}},{"start":{"line":66,"column":3},"end":{"line":66,"column":3}}]},"7":{"line":75,"type":"if","locations":[{"start":{"line":75,"column":3},"end":{"line":75,"column":3}},{"start":{"line":75,"column":3},"end":{"line":75,"column":3}}]},"8":{"line":84,"type":"if","locations":[{"start":{"line":84,"column":3},"end":{"line":84,"column":3}},{"start":{"line":84,"column":3},"end":{"line":84,"column":3}}]},"9":{"line":93,"type":"if","locations":[{"start":{"line":93,"column":3},"end":{"line":93,"column":3}},{"start":{"line":93,"column":3},"end":{"line":93,"column":3}}]},"10":{"line":102,"type":"if","locations":[{"start":{"line":102,"column":3},"end":{"line":102,"column":3}},{"start":{"line":102,"column":3},"end":{"line":102,"column":3}}]},"11":{"line":111,"type":"if","locations":[{"start":{"line":111,"column":2},"end":{"line":111,"column":2}},{"start":{"line":111,"column":2},"end":{"line":111,"column":2}}]},"12":{"line":115,"type":"if","locations":[{"start":{"line":115,"column":4},"end":{"line":115,"column":4}},{"start":{"line":115,"column":4},"end":{"line":115,"column":4}}]},"13":{"line":127,"type":"if","locations":[{"start":{"line":127,"column":2},"end":{"line":127,"column":2}},{"start":{"line":127,"column":2},"end":{"line":127,"column":2}}]},"14":{"line":132,"type":"if","locations":[{"start":{"line":132,"column":3},"end":{"line":132,"column":3}},{"start":{"line":132,"column":3},"end":{"line":132,"column":3}}]},"15":{"line":140,"type":"if","locations":[{"start":{"line":140,"column":2},"end":{"line":140,"column":2}},{"start":{"line":140,"column":2},"end":{"line":140,"column":2}}]},"16":{"line":144,"type":"if","locations":[{"start":{"line":144,"column":4},"end":{"line":144,"column":4}},{"start":{"line":144,"column":4},"end":{"line":144,"column":4}}]},"17":{"line":155,"type":"if","locations":[{"start":{"line":155,"column":2},"end":{"line":155,"column":2}},{"start":{"line":155,"column":2},"end":{"line":155,"column":2}}]},"18":{"line":159,"type":"if","locations":[{"start":{"line":159,"column":4},"end":{"line":159,"column":4}},{"start":{"line":159,"column":4},"end":{"line":159,"column":4}}]},"19":{"line":170,"type":"if","locations":[{"start":{"line":170,"column":2},"end":{"line":170,"column":2}},{"start":{"line":170,"column":2},"end":{"line":170,"column":2}}]},"20":{"line":174,"type":"if","locations":[{"start":{"line":174,"column":4},"end":{"line":174,"column":4}},{"start":{"line":174,"column":4},"end":{"line":174,"column":4}}]}}},"/root/dev/server/blockchain/tbtc.js":{"path":"/root/dev/server/blockchain/tbtc.js","s":{"1":1,"2":1,"3":1,"4":1,"5":3,"6":3,"7":3,"8":3,"9":0,"10":0,"11":1,"12":1,"13":1,"14":1,"15":1,"16":1,"17":1,"18":0,"19":1,"20":3,"21":3,"22":3,"23":3,"24":3,"25":3,"26":3,"27":0,"28":0,"29":0,"30":3,"31":3,"32":3,"33":3,"34":6,"35":2,"36":4,"37":4,"38":4,"39":4,"40":4,"41":4,"42":3,"43":3,"44":3,"45":3,"46":3,"47":3,"48":0,"49":0,"50":3,"51":3,"52":4,"53":3,"54":3,"55":3,"56":3,"57":3,"58":3,"59":3,"60":0,"61":0,"62":0,"63":0,"64":0,"65":1,"66":5,"67":5,"68":5,"69":5,"70":5,"71":0,"72":0,"73":0,"74":0,"75":1,"76":3,"77":3,"78":3,"79":3,"80":3,"81":3,"82":12,"83":3,"84":1,"85":1,"86":3,"87":3,"88":3,"89":13,"90":13,"91":3,"92":3,"93":13,"94":26,"95":12,"96":3,"97":0,"98":0,"99":0,"100":1,"101":13,"102":13,"103":13,"104":13,"105":0,"106":1,"107":3,"108":3,"109":3,"110":0,"111":3},"b":{"1":[3,0],"2":[0,3],"3":[2,4],"4":[3,0],"5":[3,0],"6":[3,3,3],"7":[5,0],"8":[3,0],"9":[1,2],"10":[12,14],"11":[26,13],"12":[13,0],"13":[0,3]},"f":{"1":3,"2":3,"3":3,"4":1,"5":1,"6":1,"7":3,"8":3,"9":5,"10":5,"11":3,"12":13,"13":3},"fnMap":{"1":{"name":"(anonymous_1)","line":5,"loc":{"start":{"line":5,"column":19},"end":{"line":5,"column":30}}},"2":{"name":"(anonymous_2)","line":6,"loc":{"start":{"line":6,"column":23},"end":{"line":6,"column":49}}},"3":{"name":"(anonymous_3)","line":7,"loc":{"start":{"line":7,"column":68},"end":{"line":7,"column":93}}},"4":{"name":"(anonymous_4)","line":18,"loc":{"start":{"line":18,"column":22},"end":{"line":18,"column":41}}},"5":{"name":"(anonymous_5)","line":22,"loc":{"start":{"line":22,"column":24},"end":{"line":22,"column":35}}},"6":{"name":"(anonymous_6)","line":23,"loc":{"start":{"line":23,"column":23},"end":{"line":23,"column":49}}},"7":{"name":"(anonymous_7)","line":33,"loc":{"start":{"line":33,"column":19},"end":{"line":33,"column":68}}},"8":{"name":"(anonymous_8)","line":90,"loc":{"start":{"line":90,"column":16},"end":{"line":90,"column":42}}},"9":{"name":"(anonymous_9)","line":108,"loc":{"start":{"line":108,"column":21},"end":{"line":108,"column":39}}},"10":{"name":"(anonymous_10)","line":109,"loc":{"start":{"line":109,"column":23},"end":{"line":109,"column":49}}},"11":{"name":"(anonymous_11)","line":126,"loc":{"start":{"line":126,"column":19},"end":{"line":126,"column":49}}},"12":{"name":"(anonymous_12)","line":173,"loc":{"start":{"line":173,"column":16},"end":{"line":173,"column":36}}},"13":{"name":"(anonymous_13)","line":184,"loc":{"start":{"line":184,"column":18},"end":{"line":184,"column":38}}}},"statementMap":{"1":{"start":{"line":1,"column":0},"end":{"line":1,"column":41}},"2":{"start":{"line":2,"column":0},"end":{"line":2,"column":33}},"3":{"start":{"line":3,"column":0},"end":{"line":3,"column":31}},"4":{"start":{"line":5,"column":0},"end":{"line":16,"column":1}},"5":{"start":{"line":6,"column":4},"end":{"line":15,"column":7}},"6":{"start":{"line":7,"column":8},"end":{"line":14,"column":11}},"7":{"start":{"line":8,"column":12},"end":{"line":13,"column":13}},"8":{"start":{"line":9,"column":16},"end":{"line":9,"column":61}},"9":{"start":{"line":11,"column":16},"end":{"line":11,"column":52}},"10":{"start":{"line":12,"column":16},"end":{"line":12,"column":25}},"11":{"start":{"line":18,"column":0},"end":{"line":20,"column":1}},"12":{"start":{"line":19,"column":4},"end":{"line":19,"column":32}},"13":{"start":{"line":22,"column":0},"end":{"line":31,"column":1}},"14":{"start":{"line":23,"column":4},"end":{"line":30,"column":7}},"15":{"start":{"line":24,"column":8},"end":{"line":29,"column":9}},"16":{"start":{"line":25,"column":12},"end":{"line":25,"column":93}},"17":{"start":{"line":26,"column":12},"end":{"line":26,"column":75}},"18":{"start":{"line":28,"column":12},"end":{"line":28,"column":29}},"19":{"start":{"line":33,"column":0},"end":{"line":106,"column":1}},"20":{"start":{"line":34,"column":4},"end":{"line":34,"column":32}},"21":{"start":{"line":35,"column":4},"end":{"line":35,"column":58}},"22":{"start":{"line":36,"column":4},"end":{"line":105,"column":7}},"23":{"start":{"line":37,"column":8},"end":{"line":104,"column":9}},"24":{"start":{"line":38,"column":12},"end":{"line":38,"column":92}},"25":{"start":{"line":41,"column":12},"end":{"line":100,"column":35}},"26":{"start":{"line":42,"column":16},"end":{"line":46,"column":17}},"27":{"start":{"line":43,"column":20},"end":{"line":43,"column":89}},"28":{"start":{"line":44,"column":20},"end":{"line":44,"column":48}},"29":{"start":{"line":45,"column":20},"end":{"line":45,"column":27}},"30":{"start":{"line":48,"column":16},"end":{"line":48,"column":33}},"31":{"start":{"line":50,"column":16},"end":{"line":50,"column":95}},"32":{"start":{"line":51,"column":16},"end":{"line":51,"column":28}},"33":{"start":{"line":52,"column":16},"end":{"line":61,"column":17}},"34":{"start":{"line":53,"column":20},"end":{"line":53,"column":86}},"35":{"start":{"line":53,"column":80},"end":{"line":53,"column":86}},"36":{"start":{"line":55,"column":20},"end":{"line":55,"column":56}},"37":{"start":{"line":56,"column":20},"end":{"line":56,"column":102}},"38":{"start":{"line":57,"column":20},"end":{"line":57,"column":170}},"39":{"start":{"line":58,"column":20},"end":{"line":58,"column":68}},"40":{"start":{"line":59,"column":17},"end":{"line":59,"column":45}},"41":{"start":{"line":60,"column":20},"end":{"line":60,"column":30}},"42":{"start":{"line":63,"column":16},"end":{"line":73,"column":14}},"43":{"start":{"line":64,"column":17},"end":{"line":64,"column":75}},"44":{"start":{"line":66,"column":17},"end":{"line":66,"column":58}},"45":{"start":{"line":67,"column":16},"end":{"line":67,"column":60}},"46":{"start":{"line":68,"column":17},"end":{"line":69,"column":125}},"47":{"start":{"line":69,"column":21},"end":{"line":69,"column":125}},"48":{"start":{"line":71,"column":14},"end":{"line":71,"column":52}},"49":{"start":{"line":72,"column":14},"end":{"line":72,"column":32}},"50":{"start":{"line":76,"column":16},"end":{"line":76,"column":42}},"51":{"start":{"line":77,"column":16},"end":{"line":78,"column":53}},"52":{"start":{"line":78,"column":20},"end":{"line":78,"column":53}},"53":{"start":{"line":81,"column":16},"end":{"line":81,"column":52}},"54":{"start":{"line":82,"column":16},"end":{"line":82,"column":57}},"55":{"start":{"line":84,"column":16},"end":{"line":84,"column":65}},"56":{"start":{"line":85,"column":16},"end":{"line":99,"column":19}},"57":{"start":{"line":91,"column":20},"end":{"line":98,"column":21}},"58":{"start":{"line":92,"column":24},"end":{"line":92,"column":63}},"59":{"start":{"line":93,"column":24},"end":{"line":93,"column":43}},"60":{"start":{"line":96,"column":24},"end":{"line":96,"column":116}},"61":{"start":{"line":97,"column":24},"end":{"line":97,"column":52}},"62":{"start":{"line":100,"column":22},"end":{"line":100,"column":33}},"63":{"start":{"line":102,"column":12},"end":{"line":102,"column":75}},"64":{"start":{"line":103,"column":12},"end":{"line":103,"column":40}},"65":{"start":{"line":108,"column":0},"end":{"line":124,"column":1}},"66":{"start":{"line":109,"column":4},"end":{"line":123,"column":7}},"67":{"start":{"line":110,"column":8},"end":{"line":122,"column":9}},"68":{"start":{"line":111,"column":12},"end":{"line":118,"column":15}},"69":{"start":{"line":112,"column":16},"end":{"line":117,"column":17}},"70":{"start":{"line":113,"column":20},"end":{"line":113,"column":96}},"71":{"start":{"line":115,"column":20},"end":{"line":115,"column":107}},"72":{"start":{"line":116,"column":20},"end":{"line":116,"column":29}},"73":{"start":{"line":120,"column":12},"end":{"line":120,"column":68}},"74":{"start":{"line":121,"column":12},"end":{"line":121,"column":21}},"75":{"start":{"line":126,"column":0},"end":{"line":171,"column":1}},"76":{"start":{"line":127,"column":1},"end":{"line":170,"column":4}},"77":{"start":{"line":128,"column":2},"end":{"line":169,"column":4}},"78":{"start":{"line":129,"column":3},"end":{"line":168,"column":16}},"79":{"start":{"line":132,"column":4},"end":{"line":132,"column":42}},"80":{"start":{"line":134,"column":4},"end":{"line":134,"column":18}},"81":{"start":{"line":135,"column":4},"end":{"line":135,"column":65}},"82":{"start":{"line":135,"column":26},"end":{"line":135,"column":63}},"83":{"start":{"line":136,"column":4},"end":{"line":136,"column":105}},"84":{"start":{"line":136,"column":32},"end":{"line":136,"column":105}},"85":{"start":{"line":136,"column":64},"end":{"line":136,"column":103}},"86":{"start":{"line":138,"column":4},"end":{"line":165,"column":7}},"87":{"start":{"line":140,"column":5},"end":{"line":140,"column":14}},"88":{"start":{"line":141,"column":5},"end":{"line":141,"column":88}},"89":{"start":{"line":141,"column":33},"end":{"line":141,"column":86}},"90":{"start":{"line":141,"column":63},"end":{"line":141,"column":85}},"91":{"start":{"line":144,"column":5},"end":{"line":144,"column":24}},"92":{"start":{"line":146,"column":5},"end":{"line":157,"column":8}},"93":{"start":{"line":147,"column":6},"end":{"line":156,"column":9}},"94":{"start":{"line":148,"column":7},"end":{"line":155,"column":11}},"95":{"start":{"line":149,"column":8},"end":{"line":155,"column":11}},"96":{"start":{"line":161,"column":5},"end":{"line":161,"column":28}},"97":{"start":{"line":163,"column":5},"end":{"line":163,"column":53}},"98":{"start":{"line":164,"column":5},"end":{"line":164,"column":17}},"99":{"start":{"line":168,"column":4},"end":{"line":168,"column":16}},"100":{"start":{"line":173,"column":0},"end":{"line":182,"column":1}},"101":{"start":{"line":174,"column":1},"end":{"line":181,"column":4}},"102":{"start":{"line":175,"column":2},"end":{"line":180,"column":5}},"103":{"start":{"line":176,"column":3},"end":{"line":179,"column":16}},"104":{"start":{"line":177,"column":4},"end":{"line":177,"column":30}},"105":{"start":{"line":179,"column":4},"end":{"line":179,"column":16}},"106":{"start":{"line":184,"column":0},"end":{"line":193,"column":1}},"107":{"start":{"line":185,"column":1},"end":{"line":192,"column":3}},"108":{"start":{"line":186,"column":2},"end":{"line":191,"column":5}},"109":{"start":{"line":187,"column":3},"end":{"line":190,"column":53}},"110":{"start":{"line":188,"column":4},"end":{"line":188,"column":13}},"111":{"start":{"line":190,"column":4},"end":{"line":190,"column":53}}},"branchMap":{"1":{"line":8,"type":"if","locations":[{"start":{"line":8,"column":12},"end":{"line":8,"column":12}},{"start":{"line":8,"column":12},"end":{"line":8,"column":12}}]},"2":{"line":42,"type":"if","locations":[{"start":{"line":42,"column":16},"end":{"line":42,"column":16}},{"start":{"line":42,"column":16},"end":{"line":42,"column":16}}]},"3":{"line":53,"type":"if","locations":[{"start":{"line":53,"column":20},"end":{"line":53,"column":20}},{"start":{"line":53,"column":20},"end":{"line":53,"column":20}}]},"4":{"line":68,"type":"if","locations":[{"start":{"line":68,"column":17},"end":{"line":68,"column":17}},{"start":{"line":68,"column":17},"end":{"line":68,"column":17}}]},"5":{"line":91,"type":"if","locations":[{"start":{"line":91,"column":20},"end":{"line":91,"column":20}},{"start":{"line":91,"column":20},"end":{"line":91,"column":20}}]},"6":{"line":91,"type":"binary-expr","locations":[{"start":{"line":91,"column":24},"end":{"line":91,"column":28}},{"start":{"line":91,"column":33},"end":{"line":91,"column":54}},{"start":{"line":91,"column":58},"end":{"line":91,"column":78}}]},"7":{"line":112,"type":"if","locations":[{"start":{"line":112,"column":16},"end":{"line":112,"column":16}},{"start":{"line":112,"column":16},"end":{"line":112,"column":16}}]},"8":{"line":129,"type":"if","locations":[{"start":{"line":129,"column":3},"end":{"line":129,"column":3}},{"start":{"line":129,"column":3},"end":{"line":129,"column":3}}]},"9":{"line":136,"type":"if","locations":[{"start":{"line":136,"column":4},"end":{"line":136,"column":4}},{"start":{"line":136,"column":4},"end":{"line":136,"column":4}}]},"10":{"line":148,"type":"if","locations":[{"start":{"line":148,"column":7},"end":{"line":148,"column":7}},{"start":{"line":148,"column":7},"end":{"line":148,"column":7}}]},"11":{"line":148,"type":"binary-expr","locations":[{"start":{"line":148,"column":10},"end":{"line":148,"column":33}},{"start":{"line":148,"column":37},"end":{"line":148,"column":69}}]},"12":{"line":176,"type":"if","locations":[{"start":{"line":176,"column":3},"end":{"line":176,"column":3}},{"start":{"line":176,"column":3},"end":{"line":176,"column":3}}]},"13":{"line":187,"type":"if","locations":[{"start":{"line":187,"column":3},"end":{"line":187,"column":3}},{"start":{"line":187,"column":3},"end":{"line":187,"column":3}}]}}},"/root/dev/server/mt4/mt4.js":{"path":"/root/dev/server/mt4/mt4.js","s":{"1":1,"2":5,"3":1,"4":5},"b":{},"f":{"1":5,"2":5},"fnMap":{"1":{"name":"(anonymous_1)","line":1,"loc":{"start":{"line":1,"column":22},"end":{"line":1,"column":33}}},"2":{"name":"(anonymous_2)","line":5,"loc":{"start":{"line":5,"column":22},"end":{"line":5,"column":43}}}},"statementMap":{"1":{"start":{"line":1,"column":0},"end":{"line":3,"column":1}},"2":{"start":{"line":2,"column":1},"end":{"line":2,"column":48}},"3":{"start":{"line":5,"column":0},"end":{"line":7,"column":1}},"4":{"start":{"line":6,"column":1},"end":{"line":6,"column":45}}},"branchMap":{}}}