TN:
SF:/root/dev/server/app.js
FN:52,(anonymous_1)
FN:56,authenticate
FN:73,(anonymous_3)
FN:81,(anonymous_4)
FN:84,(anonymous_5)
FN:94,(anonymous_6)
FN:97,(anonymous_7)
FN:103,(anonymous_8)
FN:112,(anonymous_9)
FN:370,(anonymous_10)
FN:377,(anonymous_11)
FN:382,(anonymous_12)
FN:389,(anonymous_13)
FNF:13
FNH:11
FNDA:1,(anonymous_1)
FNDA:23,authenticate
FNDA:4,(anonymous_3)
FNDA:1,(anonymous_4)
FNDA:2,(anonymous_5)
FNDA:3,(anonymous_6)
FNDA:1,(anonymous_7)
FNDA:2,(anonymous_8)
FNDA:1,(anonymous_9)
FNDA:1,(anonymous_10)
FNDA:1,(anonymous_11)
FNDA:0,(anonymous_12)
FNDA:0,(anonymous_13)
DA:4,1
DA:8,1
DA:9,0
DA:10,0
DA:15,1
DA:16,1
DA:17,1
DA:18,1
DA:19,1
DA:20,1
DA:21,1
DA:23,1
DA:24,1
DA:26,1
DA:29,1
DA:30,1
DA:31,1
DA:33,1
DA:38,1
DA:44,1
DA:45,35
DA:46,35
DA:49,1
DA:50,1
DA:52,1
DA:53,1
DA:56,1
DA:57,23
DA:58,23
DA:60,23
DA:61,16
DA:62,16
DA:64,7
DA:65,7
DA:68,0
DA:69,0
DA:73,1
DA:74,4
DA:75,4
DA:76,4
DA:77,3
DA:79,3
DA:81,3
DA:82,1
DA:83,1
DA:85,2
DA:86,2
DA:89,1
DA:90,1
DA:94,1
DA:95,3
DA:97,3
DA:98,1
DA:104,2
DA:112,1
DA:113,1
DA:114,1
DA:116,1
DA:118,1
DA:131,1
DA:133,1
DA:134,1
DA:135,1
DA:136,1
DA:137,1
DA:138,5
DA:141,1
DA:142,0
DA:143,0
DA:144,0
DA:149,1
DA:150,1
DA:151,1
DA:153,1
DA:154,1
DA:155,1
DA:157,1
DA:158,5
DA:160,1
DA:161,0
DA:162,0
DA:166,1
DA:167,4
DA:168,4
DA:169,4
DA:170,1
DA:172,3
DA:173,1
DA:174,1
DA:175,1
DA:176,1
DA:177,1
DA:178,1
DA:179,1
DA:180,1
DA:181,1
DA:182,1
DA:183,1
DA:186,0
DA:187,0
DA:188,0
DA:191,0
DA:192,0
DA:193,0
DA:197,2
DA:198,1
DA:199,1
DA:200,1
DA:202,1
DA:204,1
DA:205,1
DA:206,1
DA:207,1
DA:208,1
DA:209,1
DA:211,0
DA:212,0
DA:213,0
DA:216,0
DA:217,0
DA:218,0
DA:223,1
DA:224,1
DA:227,1
DA:228,1
DA:229,1
DA:233,1
DA:234,3
DA:235,3
DA:236,3
DA:237,1
DA:239,1
DA:240,1
DA:243,1
DA:246,1
DA:249,1
DA:250,1
DA:251,1
DA:254,0
DA:255,0
DA:256,0
DA:258,2
DA:259,1
DA:261,1
DA:262,1
DA:265,1
DA:268,1
DA:271,1
DA:273,1
DA:274,1
DA:275,1
DA:278,0
DA:279,0
DA:280,0
DA:283,1
DA:284,1
DA:288,1
DA:289,2
DA:290,2
DA:291,2
DA:292,2
DA:293,1
DA:294,1
DA:295,1
DA:297,1
DA:298,1
DA:301,0
DA:302,0
DA:303,0
DA:307,1
DA:308,2
DA:309,2
DA:310,2
DA:311,2
DA:312,1
DA:313,1
DA:314,1
DA:316,1
DA:317,1
DA:320,0
DA:321,0
DA:322,0
DA:326,1
DA:327,2
DA:328,2
DA:329,2
DA:330,2
DA:331,1
DA:332,1
DA:333,1
DA:335,1
DA:336,1
DA:337,1
DA:340,0
DA:341,0
DA:342,0
DA:346,1
DA:347,1
DA:348,1
DA:349,1
DA:350,1
DA:351,1
DA:353,0
DA:354,0
DA:358,1
DA:359,1
DA:360,1
DA:361,1
DA:362,1
DA:363,1
DA:365,0
DA:366,0
DA:370,1
DA:371,1
DA:377,1
DA:378,1
DA:381,1
DA:383,0
DA:386,1
DA:389,1
DA:390,0
DA:391,0
DA:392,0
LF:223
LH:179
BRDA:8,1,0,0
BRDA:8,1,1,1
BRDA:169,2,0,1
BRDA:169,2,1,3
BRDA:169,3,0,4
BRDA:169,3,1,3
BRDA:172,4,0,1
BRDA:172,4,1,2
BRDA:197,5,0,1
BRDA:197,5,1,1
BRDA:236,6,0,1
BRDA:236,6,1,2
BRDA:258,7,0,1
BRDA:258,7,1,1
BRDA:391,8,0,0
BRDA:391,8,1,0
BRF:16
BRH:13
end_of_record
TN:
SF:/root/dev/server/db/core.js
FN:28,(anonymous_1)
FN:30,(anonymous_2)
FN:31,(anonymous_3)
FN:35,(anonymous_4)
FN:39,(anonymous_5)
FN:52,(anonymous_6)
FN:65,(anonymous_7)
FN:79,(anonymous_8)
FN:80,(anonymous_9)
FN:130,(anonymous_10)
FN:155,(anonymous_11)
FN:167,(anonymous_12)
FN:194,(anonymous_13)
FN:221,(anonymous_14)
FN:246,(anonymous_15)
FN:250,(anonymous_16)
FN:257,(anonymous_17)
FN:281,(anonymous_18)
FN:290,(anonymous_19)
FN:302,(anonymous_20)
FN:306,(anonymous_21)
FN:317,(anonymous_22)
FN:329,(anonymous_23)
FN:353,(anonymous_24)
FN:355,(anonymous_25)
FN:358,(anonymous_26)
FN:376,(anonymous_27)
FN:382,(anonymous_28)
FN:383,(anonymous_29)
FN:392,(anonymous_30)
FN:397,(anonymous_31)
FN:406,(anonymous_32)
FN:407,(anonymous_33)
FN:422,(anonymous_34)
FN:429,(anonymous_35)
FN:440,(anonymous_36)
FNF:36
FNH:32
FNDA:5,(anonymous_1)
FNDA:1,(anonymous_2)
FNDA:1,(anonymous_3)
FNDA:1,(anonymous_4)
FNDA:0,(anonymous_5)
FNDA:13,(anonymous_6)
FNDA:34,(anonymous_7)
FNDA:28,(anonymous_8)
FNDA:28,(anonymous_9)
FNDA:1,(anonymous_10)
FNDA:5,(anonymous_11)
FNDA:1,(anonymous_12)
FNDA:2,(anonymous_13)
FNDA:1,(anonymous_14)
FNDA:1,(anonymous_15)
FNDA:1,(anonymous_16)
FNDA:4,(anonymous_17)
FNDA:0,(anonymous_18)
FNDA:5,(anonymous_19)
FNDA:2,(anonymous_20)
FNDA:2,(anonymous_21)
FNDA:2,(anonymous_22)
FNDA:5,(anonymous_23)
FNDA:3,(anonymous_24)
FNDA:3,(anonymous_25)
FNDA:3,(anonymous_26)
FNDA:0,(anonymous_27)
FNDA:23,(anonymous_28)
FNDA:23,(anonymous_29)
FNDA:16,(anonymous_30)
FNDA:0,(anonymous_31)
FNDA:1,(anonymous_32)
FNDA:1,(anonymous_33)
FNDA:3,(anonymous_34)
FNDA:3,(anonymous_35)
FNDA:1,(anonymous_36)
DA:1,1
DA:2,1
DA:4,1
DA:5,1
DA:6,1
DA:9,1
DA:10,1
DA:12,1
DA:25,1
DA:28,5
DA:30,1
DA:31,1
DA:32,1
DA:33,1
DA:36,1
DA:37,1
DA:38,1
DA:40,0
DA:41,0
DA:42,0
DA:43,0
DA:48,1
DA:50,1
DA:52,1
DA:53,13
DA:54,10
DA:55,13
DA:57,13
DA:58,0
DA:62,1
DA:63,1
DA:65,1
DA:66,34
DA:67,34
DA:68,34
DA:69,3
DA:71,31
DA:73,0
DA:74,0
DA:79,1
DA:80,28
DA:81,28
DA:82,28
DA:83,6
DA:84,28
DA:85,28
DA:86,28
DA:87,25
DA:89,28
DA:91,28
DA:94,28
DA:96,28
DA:97,28
DA:99,34
DA:101,34
DA:102,34
DA:103,34
DA:104,34
DA:105,2
DA:106,2
DA:108,32
DA:109,13
DA:110,19
DA:111,19
DA:112,19
DA:114,34
DA:116,0
DA:117,0
DA:121,28
DA:122,28
DA:123,15
DA:124,28
DA:125,0
DA:130,1
DA:131,1
DA:132,1
DA:134,1
DA:135,1
DA:136,5
DA:138,1
DA:139,1
DA:140,5
DA:141,1
DA:142,1
DA:143,1
DA:144,0
DA:145,0
DA:147,1
DA:148,0
DA:149,0
DA:152,0
DA:155,1
DA:156,5
DA:157,5
DA:158,5
DA:159,5
DA:160,2
DA:161,5
DA:162,0
DA:163,0
DA:167,1
DA:168,1
DA:169,1
DA:170,1
DA:171,1
DA:172,1
DA:173,0
DA:174,0
DA:177,1
DA:182,1
DA:183,1
DA:185,1
DA:186,1
DA:190,0
DA:194,1
DA:195,2
DA:196,2
DA:197,2
DA:198,1
DA:199,0
DA:201,1
DA:206,1
DA:207,1
DA:209,1
DA:210,1
DA:212,0
DA:213,0
DA:217,0
DA:221,1
DA:222,1
DA:223,1
DA:224,1
DA:225,1
DA:226,0
DA:228,1
DA:233,1
DA:234,1
DA:236,1
DA:237,1
DA:239,0
DA:242,0
DA:246,1
DA:247,1
DA:250,1
DA:251,1
DA:257,1
DA:258,4
DA:259,2
DA:261,4
DA:263,4
DA:264,1
DA:265,3
DA:267,3
DA:268,3
DA:269,3
DA:270,3
DA:271,3
DA:273,3
DA:277,3
DA:281,1
DA:282,0
DA:283,0
DA:284,0
DA:286,0
DA:290,1
DA:291,5
DA:292,5
DA:293,5
DA:294,5
DA:295,2
DA:296,5
DA:297,0
DA:298,0
DA:302,1
DA:303,2
DA:306,1
DA:307,2
DA:308,2
DA:309,2
DA:310,0
DA:312,2
DA:313,0
DA:317,1
DA:318,2
DA:319,2
DA:320,2
DA:321,1
DA:323,1
DA:324,1
DA:325,0
DA:329,1
DA:331,5
DA:332,5
DA:334,5
DA:335,5
DA:336,5
DA:337,5
DA:338,7
DA:339,7
DA:341,5
DA:343,0
DA:344,0
DA:347,0
DA:348,0
DA:353,1
DA:354,3
DA:355,3
DA:356,3
DA:359,3
DA:360,1
DA:361,1
DA:363,2
DA:364,1
DA:365,1
DA:372,1
DA:374,1
DA:377,0
DA:382,1
DA:383,23
DA:384,23
DA:385,23
DA:386,16
DA:387,0
DA:388,0
DA:390,16
DA:393,16
DA:394,0
DA:396,16
DA:398,0
DA:401,7
DA:406,1
DA:407,1
DA:408,1
DA:412,1
DA:413,1
DA:417,1
DA:418,0
DA:422,1
DA:425,3
DA:427,3
DA:429,3
DA:430,3
DA:441,1
DA:442,1
DA:443,2
LF:245
LH:199
BRDA:53,1,0,10
BRDA:53,1,1,3
BRDA:68,2,0,3
BRDA:68,2,1,31
BRDA:82,3,0,6
BRDA:82,3,1,22
BRDA:84,4,0,28
BRDA:84,4,1,0
BRDA:86,5,0,25
BRDA:86,5,1,3
BRDA:104,6,0,2
BRDA:104,6,1,32
BRDA:108,7,0,13
BRDA:108,7,1,19
BRDA:110,8,0,19
BRDA:110,8,1,0
BRDA:122,9,0,15
BRDA:122,9,1,13
BRDA:171,10,0,0
BRDA:171,10,1,1
BRDA:172,11,0,0
BRDA:172,11,1,1
BRDA:182,12,0,1
BRDA:182,12,1,0
BRDA:197,13,0,1
BRDA:197,13,1,1
BRDA:198,14,0,0
BRDA:198,14,1,1
BRDA:206,15,0,1
BRDA:206,15,1,0
BRDA:224,16,0,0
BRDA:224,16,1,1
BRDA:225,17,0,0
BRDA:225,17,1,1
BRDA:233,18,0,1
BRDA:233,18,1,0
BRDA:258,19,0,2
BRDA:258,19,1,2
BRDA:263,20,0,1
BRDA:263,20,1,3
BRDA:269,21,0,2
BRDA:269,21,1,1
BRDA:283,22,0,0
BRDA:283,22,1,0
BRDA:309,23,0,0
BRDA:309,23,1,2
BRDA:320,24,0,1
BRDA:320,24,1,1
BRDA:359,25,0,1
BRDA:359,25,1,2
BRDA:363,26,0,1
BRDA:363,26,1,1
BRDA:386,27,0,0
BRDA:386,27,1,16
BRDA:393,28,0,0
BRDA:393,28,1,16
BRF:56
BRH:41
end_of_record
TN:
SF:/root/dev/server/db/models.js
FN:7,(anonymous_1)
FN:49,(anonymous_2)
FN:50,(anonymous_3)
FN:58,(anonymous_4)
FN:60,(anonymous_5)
FNF:5
FNH:1
FNDA:1,(anonymous_1)
FNDA:0,(anonymous_2)
FNDA:0,(anonymous_3)
FNDA:0,(anonymous_4)
FNDA:0,(anonymous_5)
DA:1,1
DA:3,1
DA:5,1
DA:7,1
DA:8,1
DA:35,1
DA:45,1
DA:49,1
DA:50,0
DA:51,0
DA:52,0
DA:53,0
DA:55,0
DA:57,0
DA:58,0
DA:59,0
DA:61,0
DA:62,0
DA:66,0
LF:19
LH:8
BRDA:51,1,0,0
BRDA:51,1,1,0
BRF:2
BRH:0
end_of_record
TN:
SF:/root/dev/server/crypto.js
FN:4,(anonymous_1)
FN:8,(anonymous_2)
FN:14,(anonymous_3)
FN:24,(anonymous_4)
FN:28,(anonymous_5)
FN:29,(anonymous_6)
FN:39,(anonymous_7)
FN:46,(anonymous_8)
FNF:8
FNH:8
FNDA:17,(anonymous_1)
FNDA:3,(anonymous_2)
FNDA:5,(anonymous_3)
FNDA:1,(anonymous_4)
FNDA:23,(anonymous_5)
FNDA:23,(anonymous_6)
FNDA:1,(anonymous_7)
FNDA:23,(anonymous_8)
DA:1,1
DA:2,1
DA:4,1
DA:5,17
DA:8,1
DA:9,3
DA:14,1
DA:15,5
DA:16,5
DA:17,5
DA:18,5
DA:24,1
DA:25,1
DA:28,1
DA:29,23
DA:30,23
DA:31,23
DA:32,16
DA:34,7
DA:39,1
DA:40,1
DA:41,1
DA:42,1
DA:43,1
DA:46,1
DA:47,23
DA:48,23
DA:49,19
DA:50,19
LF:29
LH:29
BRF:0
BRH:0
end_of_record
TN:
SF:/root/dev/server/blockchain/eth.js
FN:22,(anonymous_1)
FN:23,(anonymous_2)
FN:25,(anonymous_3)
FN:30,(anonymous_4)
FN:51,(anonymous_5)
FN:61,(anonymous_6)
FN:69,(anonymous_7)
FNF:7
FNH:7
FNDA:16,(anonymous_1)
FNDA:7,(anonymous_2)
FNDA:1,(anonymous_3)
FNDA:3,(anonymous_4)
FNDA:5,(anonymous_5)
FNDA:1,(anonymous_6)
FNDA:31,(anonymous_7)
DA:1,1
DA:2,1
DA:3,1
DA:4,1
DA:5,1
DA:7,1
DA:9,1
DA:11,1
DA:12,1
DA:14,1
DA:15,0
DA:17,1
DA:18,0
DA:22,16
DA:23,7
DA:25,1
DA:26,1
DA:27,1
DA:30,1
DA:31,3
DA:32,3
DA:34,3
DA:35,3
DA:36,3
DA:37,3
DA:38,3
DA:40,0
DA:42,0
DA:45,0
DA:51,1
DA:52,5
DA:53,5
DA:54,5
DA:56,0
DA:61,1
DA:62,1
DA:63,1
DA:66,1
DA:69,1
DA:70,31
DA:71,31
DA:72,18
DA:73,2
LF:43
LH:37
BRDA:14,1,0,0
BRDA:14,1,1,1
BRDA:17,2,0,0
BRDA:17,2,1,1
BRDA:34,3,0,3
BRDA:34,3,1,0
BRDA:37,4,0,3
BRDA:37,4,1,0
BRDA:71,5,0,13
BRDA:71,5,1,18
BRDA:72,6,0,16
BRDA:72,6,1,2
BRF:12
BRH:8
end_of_record
TN:
SF:/root/dev/server/blockchain/contracts/goldBank.js
FN:6,(anonymous_1)
FN:15,(anonymous_2)
FN:19,(anonymous_3)
FN:21,(anonymous_4)
FN:31,(anonymous_5)
FN:50,(anonymous_6)
FN:51,(anonymous_7)
FN:70,(anonymous_8)
FN:71,(anonymous_9)
FN:79,(anonymous_10)
FN:80,(anonymous_11)
FN:132,(anonymous_12)
FN:133,(anonymous_13)
FN:143,(anonymous_14)
FN:144,(anonymous_15)
FN:154,(anonymous_16)
FN:155,(anonymous_17)
FN:171,(anonymous_18)
FN:172,(anonymous_19)
FN:188,(anonymous_20)
FN:189,(anonymous_21)
FNF:21
FNH:21
FNDA:1,(anonymous_1)
FNDA:7,(anonymous_2)
FNDA:1,(anonymous_3)
FNDA:1,(anonymous_4)
FNDA:2,(anonymous_5)
FNDA:1,(anonymous_6)
FNDA:1,(anonymous_7)
FNDA:5,(anonymous_8)
FNDA:5,(anonymous_9)
FNDA:1,(anonymous_10)
FNDA:6,(anonymous_11)
FNDA:2,(anonymous_12)
FNDA:2,(anonymous_13)
FNDA:2,(anonymous_14)
FNDA:2,(anonymous_15)
FNDA:2,(anonymous_16)
FNDA:2,(anonymous_17)
FNDA:1,(anonymous_18)
FNDA:1,(anonymous_19)
FNDA:2,(anonymous_20)
FNDA:2,(anonymous_21)
DA:1,1
DA:3,1
DA:4,1
DA:6,1
DA:7,1
DA:8,1
DA:10,1
DA:11,1
DA:15,1
DA:16,7
DA:19,1
DA:20,1
DA:21,1
DA:22,1
DA:23,0
DA:24,0
DA:26,1
DA:32,2
DA:33,2
DA:34,1
DA:36,1
DA:37,1
DA:38,1
DA:41,0
DA:42,0
DA:48,1
DA:50,1
DA:51,1
DA:52,1
DA:53,0
DA:54,0
DA:57,1
DA:59,1
DA:60,1
DA:61,1
DA:64,0
DA:70,1
DA:71,5
DA:72,5
DA:73,5
DA:74,0
DA:79,1
DA:80,1
DA:82,6
DA:132,1
DA:133,2
DA:134,2
DA:135,2
DA:136,2
DA:138,0
DA:143,1
DA:144,2
DA:145,2
DA:146,2
DA:147,2
DA:149,0
DA:154,1
DA:155,2
DA:156,2
DA:157,0
DA:158,0
DA:160,2
DA:161,2
DA:162,2
DA:163,2
DA:165,0
DA:171,1
DA:172,1
DA:173,1
DA:174,0
DA:175,0
DA:177,1
DA:178,1
DA:179,1
DA:180,1
DA:182,0
DA:188,1
DA:189,2
DA:190,2
DA:191,0
DA:192,0
DA:194,2
DA:195,2
DA:196,2
DA:197,2
DA:199,0
LF:86
LH:67
BRDA:10,1,0,1
BRDA:10,1,1,0
BRDA:10,2,0,1
BRDA:10,2,1,1
BRDA:22,3,0,0
BRDA:22,3,1,1
BRDA:32,4,0,2
BRDA:32,4,1,0
BRDA:33,5,0,1
BRDA:33,5,1,1
BRDA:52,6,0,0
BRDA:52,6,1,1
BRDA:59,7,0,1
BRDA:59,7,1,0
BRDA:73,8,0,5
BRDA:73,8,1,0
BRDA:135,9,0,2
BRDA:135,9,1,0
BRDA:146,10,0,2
BRDA:146,10,1,0
BRDA:156,11,0,0
BRDA:156,11,1,2
BRDA:161,12,0,2
BRDA:161,12,1,0
BRDA:173,13,0,0
BRDA:173,13,1,1
BRDA:178,14,0,1
BRDA:178,14,1,0
BRDA:190,15,0,0
BRDA:190,15,1,2
BRDA:195,16,0,2
BRDA:195,16,1,0
BRF:32
BRH:18
end_of_record
TN:
SF:/root/dev/server/blockchain/contracts/GSCBank.js
FN:10,(anonymous_1)
FN:11,(anonymous_2)
FN:17,(anonymous_3)
FN:26,unlockAdmin
FN:30,(anonymous_5)
FN:32,(anonymous_6)
FN:42,(anonymous_7)
FN:63,(anonymous_8)
FN:64,(anonymous_9)
FN:72,(anonymous_10)
FN:81,(anonymous_11)
FN:90,(anonymous_12)
FN:99,(anonymous_13)
FN:109,(anonymous_14)
FN:125,(anonymous_15)
FN:138,(anonymous_16)
FN:153,(anonymous_17)
FN:168,(anonymous_18)
FNF:18
FNH:12
FNDA:1,(anonymous_1)
FNDA:1,(anonymous_2)
FNDA:1,(anonymous_3)
FNDA:2,unlockAdmin
FNDA:1,(anonymous_5)
FNDA:1,(anonymous_6)
FNDA:2,(anonymous_7)
FNDA:5,(anonymous_8)
FNDA:5,(anonymous_9)
FNDA:0,(anonymous_10)
FNDA:2,(anonymous_11)
FNDA:2,(anonymous_12)
FNDA:0,(anonymous_13)
FNDA:1,(anonymous_14)
FNDA:0,(anonymous_15)
FNDA:0,(anonymous_16)
FNDA:0,(anonymous_17)
FNDA:0,(anonymous_18)
DA:1,1
DA:3,1
DA:4,1
DA:6,1
DA:8,1
DA:10,1
DA:11,1
DA:13,1
DA:17,1
DA:18,1
DA:19,1
DA:21,1
DA:22,1
DA:26,1
DA:27,2
DA:30,1
DA:31,1
DA:32,1
DA:33,1
DA:34,0
DA:35,0
DA:37,1
DA:43,2
DA:44,2
DA:45,1
DA:47,1
DA:48,1
DA:49,1
DA:50,5
DA:52,1
DA:55,0
DA:56,0
DA:63,1
DA:64,5
DA:65,5
DA:66,5
DA:67,0
DA:72,1
DA:73,0
DA:74,0
DA:75,0
DA:76,0
DA:81,1
DA:82,2
DA:83,2
DA:84,2
DA:85,0
DA:90,1
DA:91,2
DA:92,2
DA:93,2
DA:94,0
DA:99,1
DA:100,0
DA:101,0
DA:102,0
DA:103,0
DA:109,1
DA:110,1
DA:111,1
DA:112,0
DA:114,1
DA:115,1
DA:116,1
DA:117,1
DA:118,1
DA:120,0
DA:125,1
DA:126,0
DA:127,0
DA:128,0
DA:129,0
DA:131,0
DA:132,0
DA:133,0
DA:138,1
DA:139,0
DA:140,0
DA:141,0
DA:143,0
DA:144,0
DA:145,0
DA:146,0
DA:148,0
DA:153,1
DA:154,0
DA:155,0
DA:156,0
DA:158,0
DA:159,0
DA:160,0
DA:161,0
DA:163,0
DA:168,1
DA:169,0
DA:170,0
DA:171,0
DA:173,0
DA:174,0
DA:175,0
DA:176,0
DA:178,0
LF:102
LH:54
BRDA:21,1,0,1
BRDA:21,1,1,0
BRDA:21,2,0,1
BRDA:21,2,1,1
BRDA:33,3,0,0
BRDA:33,3,1,1
BRDA:43,4,0,2
BRDA:43,4,1,0
BRDA:44,5,0,1
BRDA:44,5,1,1
BRDA:66,6,0,5
BRDA:66,6,1,0
BRDA:75,7,0,0
BRDA:75,7,1,0
BRDA:84,8,0,2
BRDA:84,8,1,0
BRDA:93,9,0,2
BRDA:93,9,1,0
BRDA:102,10,0,0
BRDA:102,10,1,0
BRDA:111,11,0,0
BRDA:111,11,1,1
BRDA:115,12,0,1
BRDA:115,12,1,0
BRDA:127,13,0,0
BRDA:127,13,1,0
BRDA:132,14,0,0
BRDA:132,14,1,0
BRDA:140,15,0,0
BRDA:140,15,1,0
BRDA:144,16,0,0
BRDA:144,16,1,0
BRDA:155,17,0,0
BRDA:155,17,1,0
BRDA:159,18,0,0
BRDA:159,18,1,0
BRDA:170,19,0,0
BRDA:170,19,1,0
BRDA:174,20,0,0
BRDA:174,20,1,0
BRF:40
BRH:12
end_of_record
TN:
SF:/root/dev/server/blockchain/tbtc.js
FN:5,(anonymous_1)
FN:6,(anonymous_2)
FN:7,(anonymous_3)
FN:18,(anonymous_4)
FN:22,(anonymous_5)
FN:23,(anonymous_6)
FN:33,(anonymous_7)
FN:90,(anonymous_8)
FN:108,(anonymous_9)
FN:109,(anonymous_10)
FN:126,(anonymous_11)
FN:173,(anonymous_12)
FN:184,(anonymous_13)
FNF:13
FNH:13
FNDA:3,(anonymous_1)
FNDA:3,(anonymous_2)
FNDA:3,(anonymous_3)
FNDA:1,(anonymous_4)
FNDA:1,(anonymous_5)
FNDA:1,(anonymous_6)
FNDA:3,(anonymous_7)
FNDA:3,(anonymous_8)
FNDA:5,(anonymous_9)
FNDA:5,(anonymous_10)
FNDA:3,(anonymous_11)
FNDA:13,(anonymous_12)
FNDA:3,(anonymous_13)
DA:1,1
DA:2,1
DA:3,1
DA:5,1
DA:6,3
DA:7,3
DA:8,3
DA:9,3
DA:11,0
DA:12,0
DA:18,1
DA:19,1
DA:22,1
DA:23,1
DA:24,1
DA:25,1
DA:26,1
DA:28,0
DA:33,1
DA:34,3
DA:35,3
DA:36,3
DA:37,3
DA:38,3
DA:41,3
DA:42,3
DA:43,0
DA:44,0
DA:45,0
DA:48,3
DA:50,3
DA:51,3
DA:52,3
DA:53,6
DA:55,4
DA:56,4
DA:57,4
DA:58,4
DA:59,4
DA:60,4
DA:63,3
DA:64,3
DA:66,3
DA:67,3
DA:68,3
DA:69,3
DA:71,0
DA:72,0
DA:76,3
DA:77,3
DA:78,4
DA:81,3
DA:82,3
DA:84,3
DA:85,3
DA:91,3
DA:92,3
DA:93,3
DA:96,0
DA:97,0
DA:100,0
DA:102,0
DA:103,0
DA:108,1
DA:109,5
DA:110,5
DA:111,5
DA:112,5
DA:113,5
DA:115,0
DA:116,0
DA:120,0
DA:121,0
DA:126,1
DA:127,3
DA:128,3
DA:129,3
DA:132,3
DA:134,3
DA:135,12
DA:136,3
DA:138,3
DA:140,3
DA:141,13
DA:144,3
DA:146,3
DA:147,13
DA:148,26
DA:149,12
DA:161,3
DA:163,0
DA:164,0
DA:168,0
DA:173,1
DA:174,13
DA:175,13
DA:176,13
DA:177,13
DA:179,0
DA:184,1
DA:185,3
DA:186,3
DA:187,3
DA:188,0
DA:190,3
LF:105
LH:83
BRDA:8,1,0,3
BRDA:8,1,1,0
BRDA:42,2,0,0
BRDA:42,2,1,3
BRDA:53,3,0,2
BRDA:53,3,1,4
BRDA:68,4,0,3
BRDA:68,4,1,0
BRDA:91,5,0,3
BRDA:91,5,1,0
BRDA:91,6,0,3
BRDA:91,6,1,3
BRDA:91,6,2,3
BRDA:112,7,0,5
BRDA:112,7,1,0
BRDA:129,8,0,3
BRDA:129,8,1,0
BRDA:136,9,0,1
BRDA:136,9,1,2
BRDA:148,10,0,12
BRDA:148,10,1,14
BRDA:148,11,0,26
BRDA:148,11,1,13
BRDA:176,12,0,13
BRDA:176,12,1,0
BRDA:187,13,0,0
BRDA:187,13,1,3
BRF:27
BRH:19
end_of_record
TN:
SF:/root/dev/server/mt4/mt4.js
FN:1,(anonymous_1)
FN:5,(anonymous_2)
FNF:2
FNH:2
FNDA:5,(anonymous_1)
FNDA:5,(anonymous_2)
DA:1,1
DA:2,5
DA:5,1
DA:6,5
LF:4
LH:4
BRF:0
BRH:0
end_of_record
